C51 COMPILER V9.54   MAIN                                                                  11/30/2024 18:20:16 PAGE 1   


C51 COMPILER V9.54, COMPILATION OF MODULE MAIN
OBJECT MODULE PLACED IN .\Objects\main.obj
COMPILER INVOKED BY: D:\Keil5\C51\BIN\C51.EXE main.c OPTIMIZE(8,SPEED) BROWSE DEBUG OBJECTEXTEND PRINT(.\Listings\main.l
                    -st) OBJECT(.\Objects\main.obj)

line level    source

   1          #include <REGX52.H>
   2          #include "Delay.h"
   3          #include "Key.h"
   4          #include "Nixie.h"
   5          #include "Motor.h"
   6          #include "IR.h"
   7          
   8          unsigned char Command,Speed;
   9          
  10          void main()
  11          {
  12   1              Motor_Init();
  13   1              IR_Init();
  14   1          while(1)
  15   1          {
  16   2                      if(IR_GetDataFlag())                       //如果收到数据
  17   2                      {
  18   3                              Command = IR_GetCommand();             //获取键码(命令码)
  19   3                              
  20   3                              if(Command == IR_0){Speed = 0;}        //按键为1，速度为0
  21   3                              if(Command == IR_1){Speed = 1;}
  22   3                              if(Command == IR_2){Speed = 2;}
  23   3                              if(Command == IR_3){Speed = 3;}
  24   3                              
  25   3                              if(Speed == 0){Motor_SetSpeed(0);}     //当速度设置为0，马达电机设置阈值为0 
  26   3                              if(Speed == 1){Motor_SetSpeed(40);}
  27   3                              if(Speed == 2){Motor_SetSpeed(70);}
  28   3                              if(Speed == 3){Motor_SetSpeed(100);}   //Counter < 100
  29   3                      }
  30   2                      Nixie(1,Speed);                            //晶体管显示速度等级【0，1，2，3】
  31   2          }
  32   1      }


MODULE INFORMATION:   STATIC OVERLAYABLE
   CODE SIZE        =     99    ----
   CONSTANT SIZE    =   ----    ----
   XDATA SIZE       =   ----    ----
   PDATA SIZE       =   ----    ----
   DATA SIZE        =      2    ----
   IDATA SIZE       =   ----    ----
   BIT SIZE         =   ----    ----
END OF MODULE INFORMATION.


C51 COMPILATION COMPLETE.  0 WARNING(S),  0 ERROR(S)
