C51 COMPILER V9.54   MOTOR                                                                 11/30/2024 18:20:16 PAGE 1   


C51 COMPILER V9.54, COMPILATION OF MODULE MOTOR
OBJECT MODULE PLACED IN .\Objects\Motor.obj
COMPILER INVOKED BY: D:\Keil5\C51\BIN\C51.EXE Motor.c OPTIMIZE(8,SPEED) BROWSE DEBUG OBJECTEXTEND PRINT(.\Listings\Motor
                    -.lst) OBJECT(.\Objects\Motor.obj)

line level    source

   1          #include <REGX52.H>
   2          #include "Timer1.h"
   3          
   4          sbit Motor = P1^0;
   5          
   6          // Counter：用于对定时器中断发生的次数进行计数。   
   7          // Compare： 阈值
   8          unsigned char Counter,Compare;
   9          
  10          /**
  11            * @brief    电机初始化
  12            * @param    无
  13            * @retval   无
  14            */
  15          void Motor_Init(void)
  16          {
  17   1              Timer1_Init();    // 定时器1初始化
  18   1      }
  19          
  20          /**
  21            * @brief    设置速度阈值  
  22            * @param    无
  23            * @retval   无
  24            */
  25          void Motor_SetSpeed(unsigned char Speed)
  26          {
  27   1              Compare = Speed;
  28   1      }
  29          
  30          void Timer1_Routine() interrupt 3    //中断函数  【100us】
  31          {
  32   1              TL1 = 0xA4;             //设置定时初值
  33   1              TH1 = 0xFF;             //设置定时初值
  34   1              Counter++;
  35   1              Counter %= 100;
  36   1              if(Counter < Compare)    //Counter 小于 阈值
  37   1              {
  38   2                      Motor = 1;
  39   2              }
  40   1              else
  41   1              {
  42   2                      Motor = 0;
  43   2              }
  44   1      }


MODULE INFORMATION:   STATIC OVERLAYABLE
   CODE SIZE        =     49    ----
   CONSTANT SIZE    =   ----    ----
   XDATA SIZE       =   ----    ----
   PDATA SIZE       =   ----    ----
   DATA SIZE        =      2    ----
   IDATA SIZE       =   ----    ----
   BIT SIZE         =   ----    ----
C51 COMPILER V9.54   MOTOR                                                                 11/30/2024 18:20:16 PAGE 2   

END OF MODULE INFORMATION.


C51 COMPILATION COMPLETE.  0 WARNING(S),  0 ERROR(S)
