C51 COMPILER V9.54   MAIN                                                                  11/05/2024 20:12:35 PAGE 1   


C51 COMPILER V9.54, COMPILATION OF MODULE MAIN
OBJECT MODULE PLACED IN .\Objects\main.obj
COMPILER INVOKED BY: D:\Keil5\C51\BIN\C51.EXE main.c OPTIMIZE(8,SPEED) BROWSE DEBUG OBJECTEXTEND PRINT(.\Listings\main.l
                    -st) OBJECT(.\Objects\main.obj)

line level    source

   1          #include <REGX52.H>
   2          #include "LCD1602.h"
   3          #include "DS1302.h"
   4          
   5          /*
   6          BCD码转十进制：DEC = BCD/16*10 + BCD%16; (2位BCD) 只能转2位的BCD
   7          十进制转BCD码：BCD = DEC/10*16 + DEC%10; (2位BCD)
   8          
   9          因为DS1302时钟模块需要输入输出的是BCD码，所以在【DS1302_SetTime()】时需要
  10          将输入的十进制数字转换为BCD码，而输出时需要将BCD码转换为人们更想要看到和
             -
  11          解的十进制。
  12          */
  13          
  14          void main()
  15          {
  16   1              LCD_Init();
  17   1              DS1302_Init();
  18   1              
  19   1              LCD_ShowString(1,1,"  -  -  ");
  20   1              LCD_ShowString(2,1,"  :  :  ");
  21   1              
  22   1              DS1302_SetTime();
  23   1              
  24   1          while(1)
  25   1          {
  26   2                      DS1302_ReadTime();
  27   2                      LCD_ShowNum(1,1,DS1302_Time[0],2);
  28   2                      LCD_ShowNum(1,4,DS1302_Time[1],2);
  29   2                      LCD_ShowNum(1,7,DS1302_Time[2],2);
  30   2                      LCD_ShowNum(2,1,DS1302_Time[3],2);
  31   2                      LCD_ShowNum(2,4,DS1302_Time[4],2);
  32   2                      LCD_ShowNum(2,7,DS1302_Time[5],2);
  33   2          }
  34   1      }


MODULE INFORMATION:   STATIC OVERLAYABLE
   CODE SIZE        =    130    ----
   CONSTANT SIZE    =     18    ----
   XDATA SIZE       =   ----    ----
   PDATA SIZE       =   ----    ----
   DATA SIZE        =   ----    ----
   IDATA SIZE       =   ----    ----
   BIT SIZE         =   ----    ----
END OF MODULE INFORMATION.


C51 COMPILATION COMPLETE.  0 WARNING(S),  0 ERROR(S)
