C51 COMPILER V9.54   BUZZER                                                                11/16/2024 16:36:52 PAGE 1   


C51 COMPILER V9.54, COMPILATION OF MODULE BUZZER
OBJECT MODULE PLACED IN .\Objects\Buzzer.obj
COMPILER INVOKED BY: D:\Keil5\C51\BIN\C51.EXE Buzzer.c OPTIMIZE(8,SPEED) BROWSE DEBUG OBJECTEXTEND PRINT(.\Listings\Buzz
                    -er.lst) OBJECT(.\Objects\Buzzer.obj)

line level    source

   1          #include <REGX52.H>
   2          #include <INTRINS.H>
   3          #include "Delay.h"
   4          
   5          sbit Buzzer=P2^5;    //定义蜂鸣器IO口(位声明)
   6          
   7          //蜂鸣器端口：
   8          /**
   9            * @brief   蜂鸣器私有延时函数，延时500微妙 
  10            * @param   无
  11            * @retval  无
  12            */
  13          void Buzzer_Delay500us()                //@12.000MHz
  14          {
  15   1              unsigned char i;
  16   1      
  17   1              _nop_();
  18   1              i = 247;
  19   1              while (--i);
  20   1      }
  21          
  22          
  23          /**
  24            * @brief   用于控制蜂鸣器发声特定的时长
  25            * @param   ms:【要让蜂鸣器发出响声的时长】
  26            * @retval  无
  27            */
  28          void Buzzer_Time(unsigned int ms)//输入【1000】即【1秒响一千次】即【1000HZ】
  29          {
  30   1              unsigned int i;
  31   1              for(i=0;i<ms*2;i++)
  32   1              {
  33   2                      Buzzer = !Buzzer;    //逻辑取反
  34   2                      Buzzer_Delay500us(); //每两次反转为一次【响，不响】【2000次反转为1000次响】
  35   2              }
  36   1      }


MODULE INFORMATION:   STATIC OVERLAYABLE
   CODE SIZE        =     40    ----
   CONSTANT SIZE    =   ----    ----
   XDATA SIZE       =   ----    ----
   PDATA SIZE       =   ----    ----
   DATA SIZE        =   ----    ----
   IDATA SIZE       =   ----    ----
   BIT SIZE         =   ----    ----
END OF MODULE INFORMATION.


C51 COMPILATION COMPLETE.  0 WARNING(S),  0 ERROR(S)
