C51 COMPILER V9.54   DS18B20                                                               11/16/2024 15:37:45 PAGE 1   


C51 COMPILER V9.54, COMPILATION OF MODULE DS18B20
OBJECT MODULE PLACED IN .\Objects\DS18B20.obj
COMPILER INVOKED BY: D:\Keil5\C51\BIN\C51.EXE DS18B20.c OPTIMIZE(8,SPEED) BROWSE DEBUG OBJECTEXTEND PRINT(.\Listings\DS1
                    -8B20.lst) OBJECT(.\Objects\DS18B20.obj)

line level    source

   1          #include <REGX52.H>
   2          #include "OneWire.h"
   3          #include "LCD1602.h"
   4          
   5          #define DS18B20_SKIP_ROM                0xCC
   6          #define DS18B20_CONVERT             0x44
   7          #define DS18B20_READ_SCRATCHPAD 0xBE
   8          
   9          /**
  10            * @brief    启动连接在单总线上的 DS18B20 温度传感器进行温度转换操作   
  11            * @param    无
  12            * @retval   无
  13            */
  14          void DS18B20_ConvertT(void)
  15          {
  16   1              OneWire_Init();
  17   1              OneWire_SendByte(DS18B20_SKIP_ROM);   // 【SKIP ROM】 【跳过指令】
  18   1              OneWire_SendByte(DS18B20_CONVERT);
  19   1              // 对于 DS18B20 来说，当它接收到这个特定的转换命令后，就会启动内部
  20   1              // 的温度测量转换过程，将当前环境温度转换为对应的数字量，以便后续可
  21   1              // 以通过读取操作获取到温度值。
  22   1      }
  23          
  24          /**
  25            * @brief   从 DS18B20 温度传感器读取温度数据，并将其转换为以
  26                                   摄氏度为单位的【浮点数形式】返回。 
  27            * @param   无
  28            * @retval  T：【读取的温度数据】
  29            */
  30          float DS18B20_ReadT(void)
  31          {
  32   1              unsigned char TLSB,TMSB;   //Byte 0 为温度的低字节，Byte 1 为温度的高字节
  33   1              int Temp;
  34   1              float T;
  35   1              OneWire_Init();
  36   1              OneWire_SendByte(DS18B20_SKIP_ROM);
  37   1              OneWire_SendByte(DS18B20_READ_SCRATCHPAD);
  38   1              TLSB = OneWire_ReceiveByte();    // 先拿低字节
  39   1              TMSB = OneWire_ReceiveByte();    // 再拿高字节
  40   1              Temp = (TMSB<<8)|TLSB;
  41   1              T = Temp/16.0;                    //【Temp】十六位中【低四位】为小数部分
  42   1              return T;
  43   1      }


MODULE INFORMATION:   STATIC OVERLAYABLE
   CODE SIZE        =     57    ----
   CONSTANT SIZE    =   ----    ----
   XDATA SIZE       =   ----    ----
   PDATA SIZE       =   ----    ----
   DATA SIZE        =   ----       1
   IDATA SIZE       =   ----    ----
   BIT SIZE         =   ----    ----
END OF MODULE INFORMATION.

C51 COMPILER V9.54   DS18B20                                                               11/16/2024 15:37:45 PAGE 2   


C51 COMPILATION COMPLETE.  0 WARNING(S),  0 ERROR(S)
