C51 COMPILER V9.54   MAIN                                                                  11/30/2024 16:52:13 PAGE 1   


C51 COMPILER V9.54, COMPILATION OF MODULE MAIN
OBJECT MODULE PLACED IN .\Objects\main.obj
COMPILER INVOKED BY: D:\Keil5\C51\BIN\C51.EXE main.c OPTIMIZE(8,SPEED) BROWSE DEBUG OBJECTEXTEND PRINT(.\Listings\main.l
                    -st) OBJECT(.\Objects\main.obj)

line level    source

   1          #include <REGX52.H>
   2          #include "Delay.h"
   3          #include "LCD1602.h"
   4          #include "XPT2046.h"
   5          
   6          unsigned int ADValue;      // 【转换的AD值】
   7          
   8          // 上电时拔掉【DS18B20数字温度传感器】，否则数据可能以32为单位跳转
   9          
  10          void main()
  11          {
  12   1              LCD_Init();
  13   1              LCD_ShowString(1,1,"ADJ  NTC  RG");   //【电位器  热敏电阻  光敏电阻】
  14   1          while(1)
  15   1          {
  16   2              ADValue = XPT2046_ReadAD(XPT2046_XP_8);     // 读电位器
  17   2                      LCD_ShowNum(2,1,ADValue,3);
  18   2                      ADValue = XPT2046_ReadAD(XPT2046_YP_8);     // 读热敏电阻
  19   2                      LCD_ShowNum(2,6,ADValue,3);
  20   2                      ADValue = XPT2046_ReadAD(XPT2046_VBAT_8);   // 读光敏电阻
  21   2                      LCD_ShowNum(2,11,ADValue,3);
  22   2                      Delay(10);
  23   2          }
  24   1      }


MODULE INFORMATION:   STATIC OVERLAYABLE
   CODE SIZE        =     94    ----
   CONSTANT SIZE    =     13    ----
   XDATA SIZE       =   ----    ----
   PDATA SIZE       =   ----    ----
   DATA SIZE        =      2    ----
   IDATA SIZE       =   ----    ----
   BIT SIZE         =   ----    ----
END OF MODULE INFORMATION.


C51 COMPILATION COMPLETE.  0 WARNING(S),  0 ERROR(S)
