C51 COMPILER V9.54   DS1302                                                                11/05/2024 21:40:00 PAGE 1   


C51 COMPILER V9.54, COMPILATION OF MODULE DS1302
OBJECT MODULE PLACED IN .\Objects\DS1302.obj
COMPILER INVOKED BY: D:\Keil5\C51\BIN\C51.EXE DS1302.c OPTIMIZE(8,SPEED) BROWSE DEBUG OBJECTEXTEND PRINT(.\Listings\DS13
                    -02.lst) OBJECT(.\Objects\DS1302.obj)

line level    source

   1          #include <REGX52.H>
   2          #include "Delay.h"
   3          
   4          sbit DS1302_SCLK = P3^6;
   5          sbit DS1302_IO = P3^4;
   6          sbit DS1302_CE = P3^5;
   7          
   8          #define DS1302_SECOND           0X80
   9          #define DS1302_MINUTE           0X82
  10          #define DS1302_HOUR                     0X84
  11          #define DS1302_DATE                     0X86
  12          #define DS1302_MONTH            0X88
  13          #define DS1302_DAY                      0X8A
  14          #define DS1302_YEAR                     0X8C
  15          #define DS1302_WP                       0X8E
  16          
  17          char DS1302_Time[] = {24,11,5,12,59,55,6};
  18          
  19          void DS1302_Init(void)
  20          {
  21   1              DS1302_CE = 0;           //ÂàöÂºÄÂßã‰∏äÁîµÊó∂CEÂíåSCLKÈªòËÆ§ÈÉΩÊòØ1ÔºåË¶ÅÂÖàÁΩÆ‰∏∫0
  22   1              DS1302_SCLK = 0;
  23   1      }
  24          
  25          void DS1302_WriteByte(unsigned char Command,Data)  //16‰∏™‰∏äÂçá‰∏ãÈôçÊ≤ø
  26          {
  27   1              unsigned char i;
  28   1              DS1302_CE = 1;
  29   1              
  30   1              for(i=0;i<8;i++)
  31   1              {
  32   2                      DS1302_IO = Command&(0x01<<i);    //ÂèñCommandÁöÑÁ¨¨(0x01<<i)‰Ωç
  33   2                      DS1302_SCLK = 1;      //Â¶ÇÊûúÁΩÆ‰∏ÄÂíåÁΩÆÈõ∂ÁöÑÈó¥ÈöîÂ∞è‰∫é‰ΩøÁî®ÊâãÂÜå‰∏äÁöÑÊó∂Èó¥ÔºåÂ∞±Ë¶ÅÂä†‰∏äÂª∂Êó
             -∂ÂáΩÊï∞
  34   2                      DS1302_SCLK = 0;
  35   2              }
  36   1              for(i=0;i<8;i++)
  37   1              {
  38   2                      DS1302_IO = Data&(0x01<<i);    //ÂèñCommandÁöÑÁ¨¨(0x01<<i)‰Ωç
  39   2                      DS1302_SCLK = 1;      //Â¶ÇÊûúÁΩÆ‰∏ÄÂíåÁΩÆÈõ∂ÁöÑÈó¥ÈöîÂ∞è‰∫é‰ΩøÁî®ÊâãÂÜå‰∏äÁöÑÊó∂Èó¥ÔºåÂ∞±Ë¶ÅÂä†‰∏äÂª∂Êó
             -∂ÂáΩÊï∞
  40   2                      DS1302_SCLK = 0;
  41   2              }
  42   1              DS1302_CE = 0;
  43   1      }
  44          
  45          unsigned char DS1302_ReadByte(unsigned char Command) //15‰∏™‰∏äÂçá‰∏ãÈôçÊ≤ø
  46          {
  47   1              unsigned char i,Data = 0x00;   //ÂÖ®Â±ÄÂèòÈáè‰∏çÁî®ÂàùÂßãÂåñÔºàÈªòËÆ§Âú∞ÂùÄ‰Ωç0x00ÔºâÔºåÂÆö‰πâ‰∏∫Â±ÄÈÉ®Âè
             -òÈáèÈúÄË¶ÅÂàùÂßãÂåñÂú∞ÂùÄ
  48   1              Command = Command|0x01;        //ÂÖàÂ∞ÜCommandÊàñ1Ôºå‰πüÂ∞±ÊòØÂä†1Ôºå‰∏∫ËØªÂëΩ‰ª§
  49   1              DS1302_CE = 1;
  50   1              for(i=0;i<8;i++)
  51   1              {
C51 COMPILER V9.54   DS1302                                                                11/05/2024 21:40:00 PAGE 2   

  52   2                      DS1302_IO = Command&(0x01<<i);    //ÂèñCommandÁöÑÁ¨¨(0x01<<i)‰Ωç
  53   2                      DS1302_SCLK = 0;   //ÂÖàÂ∞ÜSCLKÁΩÆÈõ∂ÔºåÂÜçÂ∞ÜÂÖ∂ÁΩÆ‰∏ÄÔºåÊòØÂõ†‰∏∫Èò≤Ê≠¢ÊúÄÂêé‰∏ÄÊ¨°Â∞ÜSCLKÁΩÆÈõ∂Êó∂
  54   2                      DS1302_SCLK = 1;   //Â∞ÜÂêéÁª≠ÁöÑÊï∞ÊçÆËØªÂá∫Êù•ÔºåÊïÖÊîπÂèòSCLKÁöÑÈ°∫Â∫è
  55   2              }
  56   1              for(i=0;i<8;i++)
  57   1              {
  58   2                      DS1302_SCLK = 1;      //Âú®ÂâçÈù¢SCLKÂ∑≤ÁªèÁΩÆ‰∏ÄÁöÑÊÉÖÂÜµ‰∏ãÂÜçÊ¨°ÁΩÆ‰∏ÄÊ≤°ÊúâÂΩ±Âìç
  59   2                      DS1302_SCLK = 0;      //Â∞ÜÁ¨¨‰∏Ä‰ΩçËØªÂá∫Âà∞IOËæìÂá∫Á∫ø‰∏ä
  60   2                      if(DS1302_IO)   //Â¶ÇÊûúDS1302_IO = 1ÔºåÂç≥ËØªÂá∫Êï∞ÊçÆ
  61   2                              //Â¶ÇÊûúËæìÂá∫‰∏∫1Â∞±ËÆ∞ÂΩïÔºåÂ¶ÇÊûúËæìÂá∫‰∏∫0Â∞±‰∏çÂèòÔºåi+1ÁªßÁª≠Âæ™ÁéØ
  62   2                          //„Äê„ÄêÂõ†‰∏∫DataÂºÄÂßãÊó∂Â∞±ÂÖ®‰∏∫0ÔºåÂè™ÊúâÊòØ1Êó∂ÊâçÈúÄË¶ÅÂêåÊ≠•„Äë„Äë
  63   2                      {
  64   3                              Data = Data|(0x01<<i);   
  65   3                              //Â¶ÇÊûúËØªÂèñÂà∞Êï∞ÊçÆ‰Ωç‰∏∫ 1ÔºåÂàôÂ∞ÜDataÁöÑÁ¨¨i‰ΩçÁΩÆ‰∏∫ 1ÔºåÂç≥Â∞ÜËØªÂèñÂà∞ÁöÑÊï∞ÊçÆ‰ΩçÂ≠òÂÇ®Âà∞Da
             -taÂèòÈáè‰∏≠„ÄÇ
  66   3                      }
  67   2              }
  68   1              DS1302_CE = 0;
  69   1              DS1302_IO = 0;
  70   1              return Data;
  71   1      }
  72          
  73          void DS1302_SetTime(void)    //„ÄêÊ®°ÂùóÂåñÂêéÂ∞±Âè™Áî®Ë∞ÉÂèñDS1302_SetTimeÂíåDS1302_ReadTime„Äë
  74          {
  75   1              DS1302_WriteByte(DS1302_WP,0x00); //Ëß£Èô§ËäØÁâáÂÜô‰øùÊä§
  76   1              DS1302_WriteByte(DS1302_YEAR,DS1302_Time[0]/10*16+DS1302_Time[0]%10);  //ËΩ¨‰∏∫10ËøõÂà∂
  77   1              DS1302_WriteByte(DS1302_MONTH,DS1302_Time[1]/10*16+DS1302_Time[1]%10);
  78   1              DS1302_WriteByte(DS1302_DATE,DS1302_Time[2]/10*16+DS1302_Time[2]%10);
  79   1              DS1302_WriteByte(DS1302_HOUR,DS1302_Time[3]/10*16+DS1302_Time[3]%10);
  80   1              DS1302_WriteByte(DS1302_MINUTE,DS1302_Time[4]/10*16+DS1302_Time[4]%10);
  81   1              DS1302_WriteByte(DS1302_SECOND,DS1302_Time[5]/10*16+DS1302_Time[5]%10);
  82   1              DS1302_WriteByte(DS1302_DAY,DS1302_Time[6]/10*16+DS1302_Time[6]%10);
  83   1              DS1302_WriteByte(DS1302_WP,0x00); //Ëß£Èô§ËäØÁâáÂÜô‰øùÊä§
  84   1      }
  85          
  86          void DS1302_ReadTime(void)
  87          {
  88   1              unsigned char Temp;
  89   1              Temp = DS1302_ReadByte(DS1302_YEAR);
  90   1              DS1302_Time[0] = Temp/16*10 + Temp%16;    //ËΩ¨‰∏∫BCDÁ†Å
  91   1              Temp = DS1302_ReadByte(DS1302_MONTH);
  92   1              DS1302_Time[1] = Temp/16*10 + Temp%16;
  93   1              Temp = DS1302_ReadByte(DS1302_DATE);
  94   1              DS1302_Time[2] = Temp/16*10 + Temp%16;
  95   1              Temp = DS1302_ReadByte(DS1302_HOUR);
  96   1              DS1302_Time[3] = Temp/16*10 + Temp%16;
  97   1              Temp = DS1302_ReadByte(DS1302_MINUTE);
  98   1              DS1302_Time[4] = Temp/16*10 + Temp%16;
  99   1              Temp = DS1302_ReadByte(DS1302_SECOND);
 100   1              DS1302_Time[5] = Temp/16*10 + Temp%16;
 101   1              Temp = DS1302_ReadByte(DS1302_DAY);
 102   1              DS1302_Time[6] = Temp/16*10 + Temp%16;
 103   1      }


MODULE INFORMATION:   STATIC OVERLAYABLE
   CODE SIZE        =    693    ----
   CONSTANT SIZE    =   ----    ----
   XDATA SIZE       =   ----    ----
   PDATA SIZE       =   ----    ----
   DATA SIZE        =      7       2
   IDATA SIZE       =   ----    ----
C51 COMPILER V9.54   DS1302                                                                11/05/2024 21:40:00 PAGE 3   

   BIT SIZE         =   ----    ----
END OF MODULE INFORMATION.


C51 COMPILATION COMPLETE.  0 WARNING(S),  0 ERROR(S)
