C51 COMPILER V9.54   MAIN                                                                  11/06/2024 15:57:46 PAGE 1   


C51 COMPILER V9.54, COMPILATION OF MODULE MAIN
OBJECT MODULE PLACED IN .\Objects\main.obj
COMPILER INVOKED BY: D:\Keil5\C51\BIN\C51.EXE main.c OPTIMIZE(8,SPEED) BROWSE DEBUG OBJECTEXTEND PRINT(.\Listings\main.l
                    -st) OBJECT(.\Objects\main.obj)

line level    source

   1          #include <REGX52.H>
   2          #include "LCD1602.h"
   3          #include "DS1302.h"
   4          #include "Key.h"
   5          #include "Timer0.h"
   6          
   7          /*
   8                  ÈáçË¶ÅÊÄùÁª¥ÊñπÂºè„ÄêMODE Ê®°Âºè„Äë
   9                  ÈÄöËøá‰∏Ä‰∏™ÊåâÈîÆ(if,elseÂíåswitchËØ≠Âè•)ÊîπÂèò‰∏§ÁßçÊ®°Âºè(‰∏§‰∏™ÂáΩÊï∞ÁöÑÂÆûÁé∞)
  10          */
  11          
  12          /*
  13          BCDÁ†ÅËΩ¨ÂçÅËøõÂà∂ÔºöDEC = BCD/16*10 + BCD%16; (2‰ΩçBCD) Âè™ËÉΩËΩ¨2‰ΩçÁöÑBCD
  14          ÂçÅËøõÂà∂ËΩ¨BCDÁ†ÅÔºöBCD = DEC/10*16 + DEC%10; (2‰ΩçBCD)
  15          */
  16          
  17          unsigned char KeyNum,MODE,TimerSetSelect,TimeSetFlashFlag;
  18          //„ÄêKeyNum ËæìÂÖ•Êï∞Â≠ó„Äë „ÄêMODE Ê®°Âºè„Äë 
  19          //„ÄêTimerSetSelect Âπ¥ÊúàÊó•Êó∂ÂàÜÁßí‰øÆÊîπ‰Ωç„Äë 
  20          //„ÄêTimeSetFlashFlag Èó™ÁÉÅÊ†áÂøó‰Ωç„Äë(Âú®ÂÖ®Â±ÄÂèòÈáè‰∏≠Â£∞ÊòéÊòØÈªòËÆ§‰∏∫0)
  21          
  22          /**
  23            * @brief    ‰ªéDS1302Êó∂ÈíüÊ®°Âùó‰∏≠ËØªÂèñÊï∞ÊçÆÂà∞LCD1602‰∏ä„ÄêÊòæÁ§∫Âπ¥ÊúàÊó•Êó∂ÂàÜÁßí„Äë
  24            * @param    Êó†
  25            * @retval   Êó†
  26            */
  27          void TimerShow(void)
  28          {
  29   1              DS1302_ReadTime();
  30   1              LCD_ShowNum(1,1,DS1302_Time[0],2);
  31   1              LCD_ShowNum(1,4,DS1302_Time[1],2);
  32   1              LCD_ShowNum(1,7,DS1302_Time[2],2);
  33   1              LCD_ShowNum(2,1,DS1302_Time[3],2);
  34   1              LCD_ShowNum(2,4,DS1302_Time[4],2);
  35   1              LCD_ShowNum(2,7,DS1302_Time[5],2);
  36   1      }
  37          
  38          /**
  39            * @brief    ËΩ¨Êç¢Âà∞„ÄêTimerSet„ÄëÊ®°ÂºèÔºåÂç≥„ÄêÊó∂Èó¥ËÆæÁΩÆ„ÄëÊ®°ÂºèÔºå
  40            * @brief        ËæìÂÖ•„Äê2„ÄëËøõÂÖ•Âà∞‰øÆÊîπ„ÄêÂπ¥ÔºåÊúàÔºåÊó•ÔºåÊó∂ÔºåÂàÜÔºåÁßí„Äë
  41            * @brief    ËæìÂÖ•„Äê3„ÄëÂ∞ÜÂØπÂ∫îÁöÑÊó∂Èó¥Âä†1   
  42            * @brief    ËæìÂÖ•„Äê4„ÄëÂ∞ÜÂØπÂ∫îÁöÑÊó∂Èó¥Âáè1
  43            * @param    Êó†
  44            * @retval   Êó†
  45            */
  46          void TimerSet(void)
  47          {
  48   1              if(KeyNum == 2)
  49   1              {
  50   2                      TimerSetSelect++;
  51   2      //              if(TimerSetSelect>5)TimerSetSelect=0; // „Äê6>5Êó∂Ë∂äÁïåÊ∏ÖÈõ∂„Äë
  52   2                      //0,1,2,3,4,5‰ª£Ë°®‰øÆÊîπ„ÄêÂπ¥ÔºåÊúàÔºåÊó•ÔºåÊó∂ÔºåÂàÜÔºåÁßí„Äë
  53   2                      TimerSetSelect%=6;  //Ë∂äÁïåÊ∏ÖÈõ∂
  54   2              }
C51 COMPILER V9.54   MAIN                                                                  11/06/2024 15:57:46 PAGE 2   

  55   1              if(KeyNum == 3)
  56   1              {
  57   2                      DS1302_Time[TimerSetSelect]++;
  58   2                      if(DS1302_Time[0]>99){DS1302_Time[0]=0;}   //Âπ¥
  59   2                      if(DS1302_Time[1]>12){DS1302_Time[1]=1;}   //Êúà
  60   2                      if(DS1302_Time[1] == 1 || DS1302_Time[1] == 3 || DS1302_Time[1] == 5 || 
  61   2                              DS1302_Time[1] == 7 || DS1302_Time[1] == 8 || DS1302_Time[1] == 10 || 
  62   2                              DS1302_Time[1] == 12)
  63   2                      {
  64   3                              if(DS1302_Time[2] > 31){DS1302_Time[2] = 1;}
  65   3                      }
  66   2                      else if(DS1302_Time[1] == 4 || DS1302_Time[1] == 6 || DS1302_Time[1] == 9 || 
  67   2                              DS1302_Time[1] == 11)
  68   2                      {
  69   3                              if(DS1302_Time[2] > 30){DS1302_Time[2] = 1;}
  70   3                      }
  71   2                      else if(DS1302_Time[1] == 2)
  72   2                      {
  73   3                              if((DS1302_Time[0]%4==0 && DS1302_Time[0]%100!=0) || (DS1302_Time[0])%400==0)
  74   3                              {
  75   4                                      if(DS1302_Time[2] > 29){DS1302_Time[2]=1;}   //Èó∞Âπ¥
  76   4                              }
  77   3                              else
  78   3                              {
  79   4                                      if(DS1302_Time[2] > 28){DS1302_Time[2]=1;}   //Âπ≥Âπ¥
  80   4                              }
  81   3                      }                                          //Êó•
  82   2                      if(DS1302_Time[3]>23){DS1302_Time[3]=0;}   //Êó∂
  83   2                      if(DS1302_Time[4]>59){DS1302_Time[4]=0;}   //ÂàÜ
  84   2                      if(DS1302_Time[5]>59){DS1302_Time[5]=0;}   //Áßí
  85   2              }
  86   1              if(KeyNum == 4)
  87   1              {
  88   2                      DS1302_Time[TimerSetSelect]--;
  89   2                      //Â∞ÜDS1302_Time[]‰∏≠ÁöÑÊï∞ÊçÆÊîπ‰∏∫Êó†Á¨¶Âè∑Êï∞ÂêéÔºåËåÉÂõ¥‰∏∫„Äê- 128 Âà∞ 127„Äë
  90   2                      //Âà§Êñ≠Ë∂äÁïåÂ∞±ÂèØ‰ª•ÊòØ DS1302_Time[0]<0 ‰∫Ü
  91   2                      //Ëã•ÊòØ„Äêunsigned char„ÄëÁ±ªÂûãÔºåÂàôÂà§Êñ≠Âπ¥‰ªΩÁöÑË∂äÁïåÊù°‰ª∂‰∏∫>100‰πüÂèØ‰ª•Ôºà0Âèò‰∏∫255Ôºå255>10
             -0Ôºâ
  92   2                      if(DS1302_Time[0]<0){DS1302_Time[0]=99;}   //Âπ¥
  93   2                      if(DS1302_Time[1]<1){DS1302_Time[1]=12;}   //Êúà
  94   2                      if(DS1302_Time[1] == 1 || DS1302_Time[1] == 3 || DS1302_Time[1] == 5 || 
  95   2                              DS1302_Time[1] == 7 || DS1302_Time[1] == 8 || DS1302_Time[1] == 10 || 
  96   2                              DS1302_Time[1] == 12)
  97   2                      {
  98   3                              if(DS1302_Time[2] < 1){DS1302_Time[2] = 31;}
  99   3                      }
 100   2                      else if(DS1302_Time[1] == 4 || DS1302_Time[1] == 6 || DS1302_Time[1] == 9 || 
 101   2                              DS1302_Time[1] == 11)
 102   2                      {
 103   3                              if(DS1302_Time[2] < 1){DS1302_Time[2] = 30;}
 104   3                      }
 105   2                      else if(DS1302_Time[1] == 2)
 106   2                      {
 107   3                              if((DS1302_Time[0]%4==0 && DS1302_Time[0]%100!=0) || (DS1302_Time[0])%400==0)
 108   3                              {
 109   4                                      if(DS1302_Time[2] < 1){DS1302_Time[2]=29;}   //Èó∞Âπ¥
 110   4                              }
 111   3                              else
 112   3                              {
 113   4                                      if(DS1302_Time[2] < 1){DS1302_Time[2]=28;}   //Âπ≥Âπ¥
 114   4                              }
 115   3                      }                                          //Êó•
C51 COMPILER V9.54   MAIN                                                                  11/06/2024 15:57:46 PAGE 3   

 116   2                      if(DS1302_Time[3]<0){DS1302_Time[3]=23;}   //Êó∂
 117   2                      if(DS1302_Time[4]<0){DS1302_Time[4]=59;}   //ÂàÜ
 118   2                      if(DS1302_Time[5]<0){DS1302_Time[5]=59;}   //Áßí
 119   2              }
 120   1              /*
 121   1                      ÂΩìËøõÂÖ•Âà∞„ÄêTimerSet„ÄëÊ®°ÂºèÊó∂,ÊåâÁÖß„ÄêTimerSetSelect„ÄëÁöÑÊó∂Èó¥ÈÄâÊã©‰øÆÊîπ‰ΩçÂíå„ÄêÈó™ÁÉÅÊ†áÂøó
             -‰Ωç„Äë
 122   1                      ÊØè500msÁöÑÈ¢ëÁéáÈó™ÁÉÅÔºàÈó™ÁÉÅÊ†áÂøó‰ΩçÊØè500msÂèò‰∏∫1Ôºâ
 123   1              */
 124   1              /*
 125   1                              ËôΩÁÑ∂Âú®ËøôÊÆµ‰ª£Á†Å‰∏≠Ê≤°ÊúâÁõ¥Êé•Ë∞ÉÁî®Timer0_Routine()ÂáΩÊï∞Ôºå‰ΩÜÊòØ‰∏≠Êñ≠ÁöÑËß¶ÂèëÊòØÁî±Á°¨‰ª∂Ëá™
             -Âä®ËøõË°åÁöÑÔºå
 126   1                      Âπ∂‰∏çÈúÄË¶ÅÂú®‰ª£Á†Å‰∏≠ÊòæÂºèÂú∞Ë∞ÉÁî®‰∏≠Êñ≠ÊúçÂä°ÂáΩÊï∞„ÄÇ
 127   1                              Âú®ÂçïÁâáÊú∫Á≥ªÁªü‰∏≠ÔºåÂΩìÊª°Ë∂≥‰∏≠Êñ≠Êù°‰ª∂Êó∂ÔºàÊØîÂ¶ÇÂÆöÊó∂Âô® 0 ËÆ°Êï∞Ê∫¢Âá∫ÔºâÔºåÁ°¨‰ª∂‰ºöËá™Âä®Ë
             -∑≥ËΩ¨Âà∞Áõ∏Â∫îÁöÑ
 128   1                      ‰∏≠Êñ≠ÊúçÂä°ÂáΩÊï∞ÔºàËøôÈáåÂ∞±ÊòØTimer0_Routine()ÔºâÂéªÊâßË°å„ÄÇ
 129   1                              Âú®ËøôÊÆµ‰ª£Á†Å‰∏≠ÔºåÂèØËÉΩÂú®ÂÖ∂‰ªñÂú∞ÊñπËøõË°å‰∫ÜÂÆöÊó∂Âô® 0 ÁöÑÂàùÂßãÂåñÈÖçÁΩÆÔºå‰ΩøÂæóÂÆöÊó∂Âô® 0 Â
             -ºÄÂßãÂ∑•‰ΩúÂπ∂Âú®Êª°Ë∂≥
 130   1                      Êù°‰ª∂Êó∂Ëß¶Âèë‰∏≠Êñ≠„ÄÇËÄåTimerSet()ÂáΩÊï∞Âè™ÊòØÊ†πÊçÆ‰∏≠Êñ≠ÊúçÂä°ÂáΩÊï∞‰∏≠ËÆæÁΩÆÁöÑÊ†áÂøó‰ΩçÔºàÂ¶ÇTime
             -SetFlashFlagÔºâÊù•
 131   1                      ËøõË°åÁõ∏Â∫îÁöÑÊìç‰ΩúÔºåÂπ∂‰∏çÁõ¥Êé•ÊéßÂà∂‰∏≠Êñ≠ÁöÑËß¶Âèë„ÄÇ
 132   1              */
 133   1              if(TimerSetSelect == 0 && TimeSetFlashFlag == 1){LCD_ShowString(1,1,"  ");}
 134   1              else{LCD_ShowNum(1,1,DS1302_Time[0],2);}
 135   1              if(TimerSetSelect == 1 && TimeSetFlashFlag == 1){LCD_ShowString(1,4,"  ");}
 136   1              else{LCD_ShowNum(1,4,DS1302_Time[1],2);}
 137   1              if(TimerSetSelect == 2 && TimeSetFlashFlag == 1){LCD_ShowString(1,7,"  ");}
 138   1              else{LCD_ShowNum(1,7,DS1302_Time[2],2);}
 139   1              if(TimerSetSelect == 3 && TimeSetFlashFlag == 1){LCD_ShowString(2,1,"  ");}
 140   1              else{LCD_ShowNum(2,1,DS1302_Time[3],2);}
 141   1              if(TimerSetSelect == 4 && TimeSetFlashFlag == 1){LCD_ShowString(2,4,"  ");}
 142   1              else{LCD_ShowNum(2,4,DS1302_Time[4],2);}
 143   1              if(TimerSetSelect == 5 && TimeSetFlashFlag == 1){LCD_ShowString(2,7,"  ");}
 144   1              else{LCD_ShowNum(2,7,DS1302_Time[5],2);}
 145   1              
 146   1              LCD_ShowNum(2,10,TimerSetSelect,2);     //Âú®Á¨¨2Ë°åÁ¨¨10ÂàóÁöÑ‰ΩçÁΩÆÊòæÁ§∫Êó∂Èó¥ÈÄâÊã©‰Ωç„Äê012345„Äë
 147   1      //      LCD_ShowNum(2,13,TimeSetFlashFlag,2);   //Âú®Á¨¨2Ë°åÁ¨¨13ÂàóÁöÑ‰ΩçÁΩÆÊòæÁ§∫Èó™ÁÉÅÊ†áÂøó‰Ωç0101ÁöÑÈó™ÁÉÅ
 148   1      }
 149          
 150          void main()
 151          {
 152   1              LCD_Init();
 153   1              DS1302_Init();
 154   1              Timer0Init();
 155   1              LCD_ShowString(1,1,"  -  -  ");
 156   1              LCD_ShowString(2,1,"  -  -  ");
 157   1              
 158   1              DS1302_SetTime();
 159   1              
 160   1          while(1)
 161   1          {
 162   2                      KeyNum = Key();
 163   2                      if(KeyNum == 1)
 164   2                      {
 165   3                              if(MODE==0){MODE=1;TimerSetSelect=0;} 
 166   3                              //ÂÆûÁé∞Âú®ÊØèÊ¨°Ë∞É‰∏∫Ê®°Âºè1Êó∂ÂèØ‰ª•ÈáçÊñ∞‰ªé„ÄêÂπ¥„ÄëÂºÄÂßã‰øÆÊîπ
 167   3                              else if(MODE==1){MODE=0;DS1302_SetTime();}
 168   3                              /*
 169   3                              ÈÄöËøáÂú®„ÄêMODE=0„ÄëÊ®°Âºè‰∏ã,ËÆ©„ÄêDS1302Êó∂ÈíüÊ®°Âùó„ÄëÊåÅÁª≠Â∑•‰Ωú,ËÄåÂú®„ÄêMODE==1„ÄëÊ®°Âºè‰∏ãËÆ©
 170   3                              „ÄêDS1302Êó∂ÈíüÊ®°Âùó„Äë‰∏çÂÜçÂ∑•‰Ωú,ÂÆûÁé∞‰∫ÜË∞ÉÊó∂Èó¥ÂêéÂèØ‰ª•Âú®Ë∞ÉÂÆåÁöÑÊó∂Èó¥Âü∫Á°Ä‰∏äÂèòÂä®
 171   3                              */
 172   3                      }
C51 COMPILER V9.54   MAIN                                                                  11/06/2024 15:57:46 PAGE 4   

 173   2                      switch(MODE)
 174   2                      {
 175   3                              case 0:TimerShow();break;
 176   3                              case 1:TimerSet();break;
 177   3                      }
 178   2          }
 179   1      }
 180          
 181          /**
 182            * @brief   ËøõÂÖ•Âà∞„Äê‰∏≠Êñ≠1„Äë,ÂÆûÁé∞500msÈó™ÁÉÅ‰∏ÄÊ¨°Ôºå‰ª•„Äê0Ôºå1Ôºå0Ôºå1„ÄëÁöÑÊñπÂºèÈó™ÁÉÅ
 183            * @param   Êó†
 184            * @retval  Êó†
 185            */
 186          void Timer0_Routine() interrupt 1    //‰∏≠Êñ≠ÂáΩÊï∞
 187          {
 188   1              static unsigned int T0Count;
 189   1              TL0 = 0x18;             //ËÆæÁΩÆÂÆöÊó∂ÂàùÂÄº
 190   1              TH0 = 0xFC;             //ËÆæÁΩÆÂÆöÊó∂ÂàùÂÄº     //1msËøõ‰∏ÄÊ¨°‰∏≠Êñ≠Ôºå‰∏ÄÊ¨°‰∏≠Êñ≠ÂêéÔºåÈáçÊñ∞ËÆ°Êï∞
 191   1              T0Count++;
 192   1              if(T0Count >= 500)
 193   1              {
 194   2                      T0Count = 0;
 195   2                      //ÔºÅÊòØ ÈÄªËæëÂèñÂèç   ~ÊòØÊåâ‰ΩçÂèñÂèç
 196   2                      TimeSetFlashFlag  = !TimeSetFlashFlag;
 197   2              }
 198   1      }


MODULE INFORMATION:   STATIC OVERLAYABLE
   CODE SIZE        =   1009    ----
   CONSTANT SIZE    =     12    ----
   XDATA SIZE       =   ----    ----
   PDATA SIZE       =   ----    ----
   DATA SIZE        =      6    ----
   IDATA SIZE       =   ----    ----
   BIT SIZE         =   ----    ----
END OF MODULE INFORMATION.


C51 COMPILATION COMPLETE.  0 WARNING(S),  0 ERROR(S)
