C51 COMPILER V9.54   MAIN                                                                  11/06/2024 17:33:38 PAGE 1   


C51 COMPILER V9.54, COMPILATION OF MODULE MAIN
OBJECT MODULE PLACED IN .\Objects\main.obj
COMPILER INVOKED BY: D:\Keil5\C51\BIN\C51.EXE main.c OPTIMIZE(8,SPEED) BROWSE DEBUG OBJECTEXTEND PRINT(.\Listings\main.l
                    -st) OBJECT(.\Objects\main.obj)

line level    source

   1          #include <REGX52.H>
   2          #include "Delay.h"
   3          #include "Key.h"
   4          #include "Nixie.h"
   5          #include "Buzzer.h"
   6          
   7          unsigned char KeyNum;
   8          
   9          void main()
  10          {
  11   1              Nixie(1,0);
  12   1          while(1)
  13   1          {
  14   2              KeyNum = Key();
  15   2                      if(KeyNum)  //如果KeyNum不为0
  16   2                      {
  17   3                              Buzzer_Time(100);
*** WARNING C206 IN LINE 17 OF main.c: 'Buzzer_Time': missing function-prototype
*** ERROR C267 IN LINE 17 OF main.c: 'Buzzer_Time': requires ANSI-style prototype
  18   3                              Nixie(1,KeyNum);
  19   3                      }
  20   2          }
  21   1      }

C51 COMPILATION COMPLETE.  1 WARNING(S),  1 ERROR(S)
