C51 COMPILER V9.54   MAIN                                                                  11/27/2024 18:48:21 PAGE 1   


C51 COMPILER V9.54, COMPILATION OF MODULE MAIN
OBJECT MODULE PLACED IN .\Objects\main.obj
COMPILER INVOKED BY: D:\Keil5\C51\BIN\C51.EXE main.c OPTIMIZE(8,SPEED) BROWSE DEBUG OBJECTEXTEND PRINT(.\Listings\main.l
                    -st) OBJECT(.\Objects\main.obj)

line level    source

   1          #include <REGX52.H>
   2          #include "Delay.h"
   3          #include "Key.h"
   4          #include "Nixie.h"
   5          #include "Timer0.h"
   6          #include "Buzzer.h"
   7          
   8          sbit Motor = P1^0;
   9          
  10          unsigned char Counter,Compare;
  11          unsigned char KeyNum,Speed;
  12          
  13          void main()
  14          {
  15   1              Timer0Init();
  16   1              Compare = 5;
  17   1          while(1)
  18   1          {
  19   2              KeyNum = Key(); 
  20   2                      if(KeyNum == 1)
  21   2                      {
  22   3                              Speed++;
  23   3                              Speed%=4;     //0,1,2,3
  24   3                              if(Speed == 0){Compare = 0;}     //设置阈值 
  25   3                              if(Speed == 1){Compare = 40;}
  26   3                              if(Speed == 2){Compare = 70;}
  27   3                              if(Speed == 3){Compare = 100;}   //Counter < 100
  28   3                      }
  29   2                      Nixie(1,Speed);
  30   2          }
  31   1      }
  32          
  33          void Timer0_Routine() interrupt 1    //中断函数  【100us】
  34          {
  35   1              TL0 = 0xA4;             //设置定时初值
  36   1              TH0 = 0xFF;             //设置定时初值
  37   1              Counter++;
  38   1              Counter %= 100;
  39   1              if(Counter < Compare)    //Counter 小于 阈值
  40   1              {
  41   2                      Motor = 1;
  42   2              }
  43   1              else
  44   1              {
  45   2                      Motor = 0;
  46   2              }
  47   1      }


MODULE INFORMATION:   STATIC OVERLAYABLE
   CODE SIZE        =    107    ----
   CONSTANT SIZE    =   ----    ----
   XDATA SIZE       =   ----    ----
   PDATA SIZE       =   ----    ----
C51 COMPILER V9.54   MAIN                                                                  11/27/2024 18:48:21 PAGE 2   

   DATA SIZE        =      4    ----
   IDATA SIZE       =   ----    ----
   BIT SIZE         =   ----    ----
END OF MODULE INFORMATION.


C51 COMPILATION COMPLETE.  0 WARNING(S),  0 ERROR(S)
