C51 COMPILER V9.54   MAIN                                                                  10/04/2024 16:06:28 PAGE 1   


C51 COMPILER V9.54, COMPILATION OF MODULE MAIN
OBJECT MODULE PLACED IN .\Objects\main.obj
COMPILER INVOKED BY: D:\Keil5\C51\BIN\C51.EXE main.c OPTIMIZE(8,SPEED) BROWSE DEBUG OBJECTEXTEND PRINT(.\Listings\main.l
                    -st) OBJECT(.\Objects\main.obj)

line level    source

   1          #include <REGX52.H>
   2          #include "Delay.h"
   3          #include "LCD1602.h"
   4          #include "MatrixKey.h"
   5          
   6          unsigned char KeyNum;
   7          unsigned int Password,Count;    //6位密码超过int型数据类型大小  0~65535
   8                                                                  //6位密码没有超过int型数据类型大小
   9          
  10          void main()
  11          {
  12   1              LCD_Init();
  13   1              LCD_ShowString(1,1,"Password:");
  14   1              while(1)
  15   1              {
  16   2                      KeyNum = MatrixKey();
  17   2                      if(KeyNum)
  18   2                      {
  19   3                              if(KeyNum <= 10)     //如果s1到s10按键按下，输入密码
  20   3                              {       
  21   4                                      if(Count < 4)    //如果输入次数小于4
  22   4                                      {
  23   5                                              Password *= 10;            //密码左移一位
  24   5                                              Password += KeyNum % 10;   //把 10 转换为 0   获取一位密码
  25   5                                              Count++;      //计数加一
  26   5                                      }
  27   4                                      LCD_ShowNum(2,1,Password,4);   //更新显示
  28   4                              }
  29   3                              if(KeyNum == 11)     //如果s11按键按下，确认
  30   3                              {
  31   4                                      if(Password == 2345)     //如果密码等于正确密码
  32   4                                      {
  33   5                                              LCD_ShowString(1,14,"OK ");   //显示OK
  34   5                                              Password = 0;                   //密码清零
  35   5                                              Count = 0;                      //记次清零
  36   5                                              LCD_ShowNum(2,1,Password,4);   //更新显示
  37   5                                      }
  38   4                                      else                    //否则
  39   4                                      {
  40   5                                              LCD_ShowString(1,14,"ERR");   //显示ERR
  41   5                                              Password = 0;                   //密码清零
  42   5                                              Count = 0;                      //记次清零
  43   5                                              LCD_ShowNum(2,1,Password,4);   //更新显示
  44   5                                      }
  45   4                              }
  46   3                              if(KeyNum == 12)        //如果s12按键按下，取消
  47   3                              {
  48   4                                      Password = 0;                   //密码清零
  49   4                                      Count = 0;                      //记次清零
  50   4                                      LCD_ShowNum(2,1,Password,4);   //更新显示
  51   4                              }
  52   3                      }
  53   2              }
  54   1      }
C51 COMPILER V9.54   MAIN                                                                  10/04/2024 16:06:28 PAGE 2   



MODULE INFORMATION:   STATIC OVERLAYABLE
   CODE SIZE        =    189    ----
   CONSTANT SIZE    =     18    ----
   XDATA SIZE       =   ----    ----
   PDATA SIZE       =   ----    ----
   DATA SIZE        =      5    ----
   IDATA SIZE       =   ----    ----
   BIT SIZE         =   ----    ----
END OF MODULE INFORMATION.


C51 COMPILATION COMPLETE.  0 WARNING(S),  0 ERROR(S)
