C51 COMPILER V9.54   MATRIXKEY                                                             10/04/2024 15:45:01 PAGE 1   


C51 COMPILER V9.54, COMPILATION OF MODULE MATRIXKEY
OBJECT MODULE PLACED IN .\Objects\MatrixKey.obj
COMPILER INVOKED BY: D:\Keil5\C51\BIN\C51.EXE MatrixKey.c OPTIMIZE(8,SPEED) BROWSE DEBUG OBJECTEXTEND PRINT(.\Listings\M
                    -atrixKey.lst) OBJECT(.\Objects\MatrixKey.obj)

line level    source

   1          #include <REGX52.H>
   2          #include "Delay.h"
   3          
   4          /**
   5            * @brief 矩阵键盘读取按键建码
   6            * @param 无
   7            * @retval keyNumber  按下按键的键码值
   8                          如果按键按下不放，程序会停留在此函数，
   9                          松手的一瞬间，返回按键键码，没有按键按下时，返回0
  10            */
  11          
  12          unsigned char MatrixKey()
  13          {
  14   1              unsigned char keyNumber = 0;
  15   1              
  16   1              P1 = 0xFF;
  17   1              P1_3 = 0;
  18   1              if(P1_7 == 0){Delay(20);while(P1_7 == 0);Delay(20);keyNumber = 1;}
  19   1              if(P1_6 == 0){Delay(20);while(P1_6 == 0);Delay(20);keyNumber = 5;}
  20   1              if(P1_5 == 0){Delay(20);while(P1_5 == 0);Delay(20);keyNumber = 9;}
  21   1              if(P1_4 == 0){Delay(20);while(P1_4 == 0);Delay(20);keyNumber = 13;}
  22   1              
  23   1              P1 = 0xFF;
  24   1              P1_2 = 0;
  25   1              if(P1_7 == 0){Delay(20);while(P1_7 == 0);Delay(20);keyNumber = 2;}
  26   1              if(P1_6 == 0){Delay(20);while(P1_6 == 0);Delay(20);keyNumber = 6;}
  27   1              if(P1_5 == 0){Delay(20);while(P1_5 == 0);Delay(20);keyNumber = 10;}
  28   1              if(P1_4 == 0){Delay(20);while(P1_4 == 0);Delay(20);keyNumber = 14;}
  29   1              
  30   1              P1 = 0xFF;
  31   1              P1_1 = 0;
  32   1              if(P1_7 == 0){Delay(20);while(P1_7 == 0);Delay(20);keyNumber = 3;}
  33   1              if(P1_6 == 0){Delay(20);while(P1_6 == 0);Delay(20);keyNumber = 7;}
  34   1              if(P1_5 == 0){Delay(20);while(P1_5 == 0);Delay(20);keyNumber = 11;}
  35   1              if(P1_4 == 0){Delay(20);while(P1_4 == 0);Delay(20);keyNumber = 15;}
  36   1              
  37   1              P1 = 0xFF;
  38   1              P1_0 = 0;
  39   1              if(P1_7 == 0){Delay(20);while(P1_7 == 0);Delay(20);keyNumber = 4;}
  40   1              if(P1_6 == 0){Delay(20);while(P1_6 == 0);Delay(20);keyNumber = 8;}
  41   1              if(P1_5 == 0){Delay(20);while(P1_5 == 0);Delay(20);keyNumber = 12;}
  42   1              if(P1_4 == 0){Delay(20);while(P1_4 == 0);Delay(20);keyNumber = 16;}
  43   1      
  44   1              
  45   1              return keyNumber;
  46   1      }


MODULE INFORMATION:   STATIC OVERLAYABLE
   CODE SIZE        =    393    ----
   CONSTANT SIZE    =   ----    ----
   XDATA SIZE       =   ----    ----
   PDATA SIZE       =   ----    ----
   DATA SIZE        =   ----       1
C51 COMPILER V9.54   MATRIXKEY                                                             10/04/2024 15:45:01 PAGE 2   

   IDATA SIZE       =   ----    ----
   BIT SIZE         =   ----    ----
END OF MODULE INFORMATION.


C51 COMPILATION COMPLETE.  0 WARNING(S),  0 ERROR(S)
