C51 COMPILER V9.54   UART                                                                  10/05/2024 17:32:27 PAGE 1   


C51 COMPILER V9.54, COMPILATION OF MODULE UART
OBJECT MODULE PLACED IN .\Objects\UART.obj
COMPILER INVOKED BY: D:\Keil5\C51\BIN\C51.EXE UART.c OPTIMIZE(8,SPEED) BROWSE DEBUG OBJECTEXTEND PRINT(.\Listings\UART.l
                    -st) OBJECT(.\Objects\UART.obj)

line level    source

   1          #include <REGX52.H>
   2          
   3          void UART_Init()
   4          {
   5   1              SCON = 0x50;
   6   1              PCON &= 0x7F;           //波特率不倍速
   7   1              TMOD &= 0x0F;           //设置定时器模式
   8   1              TMOD |= 0x20;           //设置定时器模式
   9   1              TL1 = 0xFA;             //设定定时初值
  10   1              TH1 = 0xFA;             //设定定时器重装值
  11   1              ET1 = 0;                //禁止定时器1中断
  12   1              TR1 = 1;                //启动定时器1
  13   1              ES = 1;         /*
  14   1                                              使能串口中断。这里的 “ES” 是串口中断允许位，
  15   1                                              设置为 1 表示允许串口中断。
  16   1                                              */
  17   1              EA = 1;         /*
  18   1                                              总中断允许位，设置为 1 表示允许所有中断。
  19   1                                              只有当总中断允许位 EA 和相应的中断允许位
  20   1                                              （如串口中断允许位 ES等）都为 1 时，
  21   1                                              对应的中断才能被响应。
  22   1                                              */
  23   1      }
  24          
  25          void UART_SendByte(unsigned char Byte)
  26          {
  27   1              SBUF = Byte;                //串口数据缓存寄存器
  28   1              while(TI == 0);             //TI为0一直循环，TI为1则跳出循环
  29   1              TI = 0;                     //重新置TI为0
  30   1      }
  31          
  32          /* 串口中断函数模板  需要用的时候挪到主函数 
  33          void UART_Routine() interrupt 4
  34          {
  35              if(RI == 1)
  36                  {
  37                          
  38                          RI = 0;
  39                  }
  40          }
  41          */


MODULE INFORMATION:   STATIC OVERLAYABLE
   CODE SIZE        =     35    ----
   CONSTANT SIZE    =   ----    ----
   XDATA SIZE       =   ----    ----
   PDATA SIZE       =   ----    ----
   DATA SIZE        =   ----    ----
   IDATA SIZE       =   ----    ----
   BIT SIZE         =   ----    ----
END OF MODULE INFORMATION.


C51 COMPILATION COMPLETE.  0 WARNING(S),  0 ERROR(S)
