C51 COMPILER V9.54   KEY                                                                   11/10/2024 16:18:30 PAGE 1   


C51 COMPILER V9.54, COMPILATION OF MODULE KEY
OBJECT MODULE PLACED IN .\Objects\Key.obj
COMPILER INVOKED BY: D:\Keil5\C51\BIN\C51.EXE Key.c OPTIMIZE(8,SPEED) BROWSE DEBUG OBJECTEXTEND PRINT(.\Listings\Key.lst
                    -) OBJECT(.\Objects\Key.obj)

line level    source

   1          #include <REGX52.H>
   2          #include "Delay.h"
   3          
   4          unsigned char Key_KeyNumber; //中间的缓存变量，【记录按键弹起的电平变化边沿】
   5          
   6          /**
   7            * @brief   返回当前的 【Key_KeyNumber】
   8            * @param   无
   9            * @retval  Temp：当前的按键值
  10            */
  11          unsigned char Key(void)
  12          {
  13   1              unsigned char Temp = 0;  //中间变量
  14   1              //先将【Key_KeyNumber】按键值清零，再返回这个值，
  15   1              //否则每过一个Key_Loop就会一直返回【Key_KeyNumber】
  16   1              Temp = Key_KeyNumber;
  17   1              Key_KeyNumber = 0;     //清零
  18   1              return Temp;
  19   1      }
  20          
  21          /**
  22            * @brief    如果按键此时的电平为0，则记录当前按键按下的值
  23            * @param    无
  24            * @retval   返回按键值
  25            */
  26          unsigned char Key_GetState()
  27          {
  28   1              unsigned char KeyNumber = 0;
  29   1              
  30   1              if(P3_1 == 0){KeyNumber = 1;}
  31   1              if(P3_0 == 0){KeyNumber = 2;}
  32   1              if(P3_2 == 0){KeyNumber = 3;}
  33   1              if(P3_3 == 0){KeyNumber = 4;}
  34   1              
  35   1              return KeyNumber;
  36   1      }
  37          
  38          /**
  39            * @brief    每过20ms检测按键的上升沿，并记录按键值
  40            * @param    无
  41            * @retval   无
  42            */
  43          void Key_Loop(void)
  44          {
  45   1              static unsigned char NowState,LastState;   //静态变量，
  46   1              //记录【上一个按键按了什么键】和【现在按键按了什么键】
  47   1              LastState = NowState;
  48   1              NowState = Key_GetState();   //获取当前按了【什么键】即【KeyNumber的值】
  49   1              if(LastState == 1 && NowState == 0)   
  50   1              //如果按键上次按了按键1，即【KeyNumber = 1】，上次的按键电平为0，
  51   1              //而现在什么也没有按，这次的按键电平为1，【说明按键弹起】
  52   1              {
  53   2                      Key_KeyNumber = 1;   //缓存变量为1，单片机响应【1】
  54   2              }
C51 COMPILER V9.54   KEY                                                                   11/10/2024 16:18:30 PAGE 2   

  55   1              if(LastState == 2 && NowState == 0)   //按键上次按了按键2
  56   1              {
  57   2                      Key_KeyNumber = 2;
  58   2              }
  59   1              if(LastState == 3 && NowState == 0)   //按键上次按了按键3
  60   1              {
  61   2                      Key_KeyNumber = 3;
  62   2              }
  63   1              if(LastState == 4 && NowState == 0)   //按键上次按了按键4
  64   1              {
  65   2                      Key_KeyNumber = 4;
  66   2              }
  67   1      }


MODULE INFORMATION:   STATIC OVERLAYABLE
   CODE SIZE        =     85    ----
   CONSTANT SIZE    =   ----    ----
   XDATA SIZE       =   ----    ----
   PDATA SIZE       =   ----    ----
   DATA SIZE        =      3    ----
   IDATA SIZE       =   ----    ----
   BIT SIZE         =   ----    ----
END OF MODULE INFORMATION.


C51 COMPILATION COMPLETE.  0 WARNING(S),  0 ERROR(S)
