C51 COMPILER V9.54   MAIN                                                                  11/10/2024 16:22:45 PAGE 1   


C51 COMPILER V9.54, COMPILATION OF MODULE MAIN
OBJECT MODULE PLACED IN .\Objects\main.obj
COMPILER INVOKED BY: D:\Keil5\C51\BIN\C51.EXE main.c OPTIMIZE(8,SPEED) BROWSE DEBUG OBJECTEXTEND PRINT(.\Listings\main.l
                    -st) OBJECT(.\Objects\main.obj)

line level    source

   1          #include <REGX52.H>
   2          #include  "Timer0.h"
   3          #include  "Key.h"
   4          #include  "Nixie.h"
   5          #include  "Delay.h"
   6          #include  "AT24C02.h"
   7          
   8          /*
   9          ÈáçË¶ÅÊÄùË∑ØÔºö
  10                      Â∞ÜÂ≠êÊ®°Âùó‰∏≠ÁöÑÂ≠êÂáΩÊï∞ÊâìÂåÖÁöÑ‰∏Ä‰∏™„ÄêÂæ™ÁéØÊ£ÄÊµã„ÄëÂáΩÊï∞‰∏≠ÔºåÂÜçÂ∞ÜËøô‰∏™„ÄêÂæ™ÁéØÊ£ÄÊµã„Ä
             -ë
  11                  Âú®‰∏ªÂáΩÊï∞‰∏≠ÁöÑ„Äê‰∏≠Êñ≠ÂáΩÊï∞„Äë‰∏≠‰∏çÊñ≠ÁöÑÁªèËøáËá™Â∑±„ÄêËÆæÂÆöÁöÑÊó∂Èó¥„ÄëÊù•‰∏çÊñ≠Âú∞Ë∞ÉÁî®Ëøô‰∏™
  12                  „ÄêÂæ™ÁéØÊ£ÄÊµã„ÄëÂáΩÊï∞ÔºåËøôÊ†∑Â∞±‰∏çÁî®Âú®Â≠êÊ®°Âùó‰∏≠‰ΩøÁî®„Äê‰∏≠Êñ≠ÂáΩÊï∞„ÄëÂ∞±ÂèØ‰ª•ËÆæÁΩÆÊó∂Èó¥‰∏≠
             -Êñ≠
  13                  ‰∫Ü„ÄÇ
  14          */
  15          
  16          unsigned char KeyNum;
  17          
  18          unsigned char Min,Sec,MinSec;
  19          
  20          unsigned char RunFlag;    //ÊéßÂà∂ÂêØÂä®ÊöÇÂÅúÔºåÈªòËÆ§‰∏∫ 0
  21          
  22          void main()
  23          {
  24   1              Timer0Init();
  25   1          while(1)
  26   1          {
  27   2              KeyNum = Key();
  28   2                      if(KeyNum == 1)           //Êó∂Èó¥„ÄêÂêØÂä®„Äë/„ÄêÊöÇÂÅú„Äë
  29   2                      {
  30   3                              RunFlag=!RunFlag;     //ÂèòÊç¢„ÄêÂêØÂä®„Äë/„ÄêÊöÇÂÅú„ÄëÁä∂ÊÄÅ
  31   3                      }
  32   2                      if(KeyNum == 2)           //Êó∂Èó¥ÂÖ®ÈÉ®Ê∏ÖÈõ∂
  33   2                      {
  34   3                              Min = 0;
  35   3                              Sec = 0;
  36   3                              MinSec = 0;
  37   3                      }
  38   2                      if(KeyNum == 3)           //Â≠òÂÇ®ÂΩìÂâçÁöÑÊó∂Èó¥
  39   2                      {
  40   3                              AT24C02_WriteByte(0,Min);   //0Âú∞ÂùÄÂ≠òÂÇ®ÂàÜÈíü
  41   3                              Delay(5);                   //ÂÜôÂë®Êúü
  42   3                              AT24C02_WriteByte(1,Sec);   //1Âú∞ÂùÄÂ≠òÂÇ®Áßí
  43   3                              Delay(5);                   //ÂÜôÂë®Êúü
  44   3                              AT24C02_WriteByte(2,MinSec);//2Âú∞ÂùÄÂ≠òÂÇ®ÊØ´Áßí
  45   3                              Delay(5);
  46   3                      }
  47   2                      if(KeyNum == 4)           //Â§çÁé∞Â≠òÂÇ®ÁöÑÊó∂Èó¥
  48   2                      {
  49   3                              Min = AT24C02_ReadByte(0);
  50   3                              Sec = AT24C02_ReadByte(1);
  51   3                              MinSec = AT24C02_ReadByte(2);
  52   3                      }
C51 COMPILER V9.54   MAIN                                                                  11/10/2024 16:22:45 PAGE 2   

  53   2                      Nixie_SetBuf(1,Min/10);     //Â∞ÜMin/10‰º†Áªô‰∫ÜNixie_SetBufÁöÑÁ¨¨1‰Ωç
  54   2                      Nixie_SetBuf(2,Min%10);
  55   2                      Nixie_SetBuf(3,11);         //ÊòæÁ§∫‰∏Ä‰∏™„Äê-„Äë
  56   2                      Nixie_SetBuf(4,Sec/10);
  57   2                      Nixie_SetBuf(5,Sec%10);
  58   2                      Nixie_SetBuf(6,11);
  59   2                      Nixie_SetBuf(7,MinSec/10);
  60   2                      Nixie_SetBuf(8,MinSec%10);
  61   2          }
  62   1      }
  63          
  64          void Sec_Loop(void)         //10ms„ÄêMinSec„ÄëË¶ÅÂä†‰∏Ä
  65          {
  66   1              if(RunFlag)     //Â¶ÇÊûúRunFlag == 1ÔºåÂàô‰∏∫„ÄêÂêØÂä®„ÄëÁä∂ÊÄÅ
  67   1              {
  68   2                      MinSec++;
  69   2                      if(MinSec >= 100)
  70   2                      {
  71   3                              MinSec = 0;
  72   3                              Sec++;
  73   3                              if(Sec >= 60)
  74   3                              {
  75   4                                      Sec = 0;
  76   4                                      Min++;
  77   4                                      if(Min >= 60)
  78   4                                      {
  79   5                                              Min = 0;
  80   5                                      }
  81   4                              }
  82   3                      }
  83   2              }
  84   1              
  85   1      }
  86          
  87          void Timer0_Routine() interrupt 1    //‰∏≠Êñ≠ÂáΩÊï∞
  88          {
  89   1              static unsigned int T0Count1,T0Count2,T0Count3;
  90   1              TL0 = 0x18;             //ËÆæÁΩÆÂÆöÊó∂ÂàùÂÄº
  91   1              TH0 = 0xFC;             //ËÆæÁΩÆÂÆöÊó∂ÂàùÂÄº     //1msËøõ‰∏ÄÊ¨°‰∏≠Êñ≠Ôºå‰∏ÄÊ¨°‰∏≠Êñ≠ÂêéÔºåÈáçÊñ∞ËÆ°Êï∞
  92   1              T0Count1++;
  93   1              if(T0Count1 >= 20)  //ÊØèÈöî20ÊØ´ÁßíÊ£ÄÊµã‰∏Ä‰∏ã„ÄêKey_GetState„ÄëÊòØÂê¶‰∏∫„Äê0„Äë
  94   1              {
  95   2                      T0Count1 = 0;
  96   2                      Key_Loop();     //ÂÆûÁé∞‰∫Ü„ÄêÂÆöÊó∂Âô®Êâ´ÊèèÊåâÈîÆ„Äë
  97   2              }
  98   1              T0Count2++;
  99   1              if(T0Count2 >= 2)   //ÊØèÈöî2ÊØ´ÁßíÊ£ÄÊµã‰∏Ä‰∏ãÊï∞Á†ÅÁÆ°
 100   1              {
 101   2                      T0Count2 = 0;
 102   2                      Nixie_Loop();
 103   2              }
 104   1              T0Count3++;
 105   1              if(T0Count3 >= 10)  //ÊØèÈöî10ÊØ´ÁßíÊ£ÄÊµã‰∏Ä‰∏ãÔºå10ms„ÄêMinSec„ÄëË¶ÅÂä†‰∏Ä
 106   1              {
 107   2                      T0Count3 = 0;
 108   2                      Sec_Loop();
 109   2              }
 110   1      }


MODULE INFORMATION:   STATIC OVERLAYABLE
   CODE SIZE        =    410    ----
C51 COMPILER V9.54   MAIN                                                                  11/10/2024 16:22:45 PAGE 3   

   CONSTANT SIZE    =   ----    ----
   XDATA SIZE       =   ----    ----
   PDATA SIZE       =   ----    ----
   DATA SIZE        =     11    ----
   IDATA SIZE       =   ----    ----
   BIT SIZE         =   ----    ----
END OF MODULE INFORMATION.


C51 COMPILATION COMPLETE.  0 WARNING(S),  0 ERROR(S)
