C51 COMPILER V9.54   NIXIE                                                                 11/10/2024 16:18:30 PAGE 1   


C51 COMPILER V9.54, COMPILATION OF MODULE NIXIE
OBJECT MODULE PLACED IN .\Objects\Nixie.obj
COMPILER INVOKED BY: D:\Keil5\C51\BIN\C51.EXE Nixie.c OPTIMIZE(8,SPEED) BROWSE DEBUG OBJECTEXTEND PRINT(.\Listings\Nixie
                    -.lst) OBJECT(.\Objects\Nixie.obj)

line level    source

   1          #include <REGX52.H>
   2          #include "Delay.h"
   3          
   4          /*
   5                  è¿™æ˜¯ä¸€ä¸ªæ•°ç»„ï¼Œé€šå¸¸è¢«ç§°ä¸ºæ•°ç ç®¡æ®µç è¡¨ã€‚å…¶ä¸­æ¯ä¸ªå…ƒç´ å¯¹åº” 0-9 åä¸ªæ•°å­—çš„æ®µç
             - å€¼ï¼Œ
   6          ç”¨äºŽæŽ§åˆ¶æ•°ç ç®¡æ˜¾ç¤ºä¸åŒçš„æ•°å­—ã€‚ä¾‹å¦‚ï¼Œ0x3F é€šå¸¸å¯¹åº”æ•°å­— 0 çš„æ®µç ã€‚
   7                  ã€0x00ã€‘ä»£è¡¨ä»€ä¹ˆä¹Ÿä¸æ˜¾ç¤º
   8                  ã€0x40ã€‘ä»£è¡¨æ˜¾ç¤ºä¸€ä¸ªã€-ã€‘
   9          */
  10          unsigned char NixieTable[] = {0x3F,0x06,0x5B,0x4F,0x66,0x6D,0x7D,0x07,0x7F,0x6F,0x00,0x40};
  11          
  12          //æ˜¾ç¤ºç¼“å­˜åŒºï¼Œä½¿ç”¨ç¼“å­˜åŒºæ—¶æ˜¯ä»Žç¬¬ä¸€ä½å¼€å§‹ï¼Œæ‰€ä»¥ç¬¬ä¸€ä½ä¸º0ï¼Œè€Œã€1~8ã€‘ä½è¦æ˜¾ç
             -¤ºçš„
  13          //æ•°å­—åˆå§‹æ—¶ä¸ºNixieTable[]çš„ç¬¬10ä½ï¼Œå³ã€ä»€ä¹ˆä¹Ÿä¸æ˜¾ç¤ºã€‘
  14          unsigned char Nixie_Buf[9] = {0,10,10,10,10,10,10,10,10};
  15          
  16          /**
  17            * @brief    ä¼ ç»™ç¼“å­˜åŒºæ•°æ®
  18            * @param    Locationï¼šæ•°æ®ä½ç½®
  19            * @param    Numberï¼šæ•°æ®
  20            * @retval   æ— 
  21            */
  22          void Nixie_SetBuf(unsigned char Location,Number)
  23          {
  24   1              Nixie_Buf[Location] = Number;
  25   1      }
  26                  
  27          /**
  28            * @brief    å®žçŽ°äº†ä¸€ä¸ªæ•°ç ç®¡ï¼ˆå…±é˜´æžæ•°ç ç®¡ï¼‰çš„é©±åŠ¨å‡½æ•°ã€‚
  29            * @brief        å®ƒå¯ä»¥æ ¹æ®ä¼ å…¥çš„å‚æ•°åœ¨ã€ç‰¹å®šçš„æ•°ç ç®¡ä½ç½®ã€‘æ˜¾ç¤ºã€ç›¸åº”çš„æ•°å­—ã€‘ã€‚
  30            * @param    Locationï¼šã€ä¼ å…¥è¦æ˜¾ç¤ºæ•°å­—çš„æ•°ç ç®¡ä½ç½®ã€‘ã€‚Numberï¼šã€ä¼ å…¥è¦æ˜¾ç¤ºçš„æ•°
             -å­—ã€‘
  31            * @retval   æ— 
  32            */
  33          void Nixie_Scan(unsigned char Location,Number)
  34          {
  35   1              P0 = 0x00;    //æ¸…é›¶
  36   1              switch(Location)    //ä½é€‰
  37   1              {
  38   2                      case 1:P2_4 = 1;P2_3 = 1;P2_2 = 1;break;   //Y7  ç¬¬ä¸€ä¸ªä½ç½®
  39   2                      case 2:P2_4 = 1;P2_3 = 1;P2_2 = 0;break;   //Y6  ç¬¬äºŒä¸ªä½ç½® 
  40   2                      case 3:P2_4 = 1;P2_3 = 0;P2_2 = 1;break;   //Y5  ç¬¬ä¸‰ä¸ªä½ç½®
  41   2                      case 4:P2_4 = 1;P2_3 = 0;P2_2 = 0;break;   //Y4  ç¬¬å››ä¸ªä½ç½®
  42   2                      case 5:P2_4 = 0;P2_3 = 1;P2_2 = 1;break;   //Y3  ç¬¬äº”ä¸ªä½ç½®
  43   2                      case 6:P2_4 = 0;P2_3 = 1;P2_2 = 0;break;   //Y2  ç¬¬å…­ä¸ªä½ç½®
  44   2                      case 7:P2_4 = 0;P2_3 = 0;P2_2 = 1;break;   //Y1  ç¬¬ä¸ƒä¸ªä½ç½®
  45   2                      case 8:P2_4 = 0;P2_3 = 0;P2_2 = 0;break;   //Y0  ç¬¬å…«ä¸ªä½ç½®
  46   2              }
  47   1              //æ®µé€‰
  48   1              P0 = NixieTable[Number];//å°†å¯¹åº”æ•°å­—çš„æ®µç è¾“å‡ºåˆ° P0 ç«¯å£ï¼Œä»¥æŽ§åˆ¶æ•°ç ç®¡æ˜¾ç¤ºç‰¹å®šçš„
             -æ•°å­—
  49   1      }
  50          
C51 COMPILER V9.54   NIXIE                                                                 11/10/2024 16:18:30 PAGE 2   

  51          void Nixie_Loop(void)     //æ¯éš”2æ¯«ç§’æ£€æµ‹ä¸€ä¸‹æ•°ç ç®¡ï¼Œ
  52                                                            //ä¾æ¬¡åœ¨ä¸åŒçš„æ•°ç ç®¡ä½ç½®æ˜¾ç¤ºç¼“å­˜åŒºä¸­çš„æ•°æ®
  53          {
  54   1              static unsigned char i=1;  
  55   1              Nixie_Scan(i,Nixie_Buf[i]);   //åœ¨ç¬¬iä½æ˜¾ç¤ºç¼“å­˜åŒºçš„ç¬¬iä½æ•°æ®
  56   1              i++;
  57   1              if(i>=9){i = 1;}
  58   1      }


MODULE INFORMATION:   STATIC OVERLAYABLE
   CODE SIZE        =    138    ----
   CONSTANT SIZE    =   ----    ----
   XDATA SIZE       =   ----    ----
   PDATA SIZE       =   ----    ----
   DATA SIZE        =     22    ----
   IDATA SIZE       =   ----    ----
   BIT SIZE         =   ----    ----
END OF MODULE INFORMATION.


C51 COMPILATION COMPLETE.  0 WARNING(S),  0 ERROR(S)
