C51 COMPILER V9.54   MAIN                                                                  11/30/2024 14:33:06 PAGE 1   


C51 COMPILER V9.54, COMPILATION OF MODULE MAIN
OBJECT MODULE PLACED IN .\Objects\main.obj
COMPILER INVOKED BY: D:\Keil5\C51\BIN\C51.EXE main.c OPTIMIZE(8,SPEED) BROWSE DEBUG OBJECTEXTEND PRINT(.\Listings\main.l
                    -st) OBJECT(.\Objects\main.obj)

line level    source

   1          #include <REGX52.H>
   2          #include "Delay.h"
   3          #include "LCD1602.h"
   4          #include "IR.h"
   5          
   6          unsigned char Num;       // 要显示的数字
   7          //unsigned int Time;
   8          unsigned char Address;
   9          unsigned char Command;
  10          
  11          void main()
  12          {
  13   1              LCD_Init();    //  【LCD初始化】
  14   1              LCD_ShowString(1,1,"ADDR  CMD  NUM");  // 【地址码  命令码  数字】
  15   1              LCD_ShowString(2,1,"00    00   000");  // 初始值显示
  16   1              
  17   1              IR_Init();     //  【红外初始化】
  18   1              
  19   1              //测试代码
  20   1      //      Timer0Init();
  21   1      //      Timer_SetCounter(0);
  22   1      //      TIMER_Run(1);
  23   1      //      Delay(1);
  24   1      //      Time = Timer_GetCounter();
  25   1              
  26   1      //      LCD_ShowNum(2,1,Time,5);
  27   1              
  28   1          while(1)
  29   1          {
  30   2              if(IR_GetDataFlag() || IR_GetRepeatFlag())   
  31   2                      //获取到键码 或 一直在按【即连发功能】
  32   2                      {
  33   3                              Address = IR_GetAddress();
  34   3                              Command = IR_GetCommand();
  35   3                              
  36   3                              LCD_ShowHexNum(2,1,Address,2);
  37   3                              LCD_ShowHexNum(2,7,Command,2);
  38   3                              
  39   3                              if(Command == IR_VOL_MINUS)
  40   3                              {
  41   4                                      Num--;
  42   4                              }
  43   3                              if(Command == IR_VOL_ADD)
  44   3                              {
  45   4                                      Num++;
  46   4                              }
  47   3                              
  48   3                              LCD_ShowHexNum(2,12,Num,3);
  49   3                      }
  50   2          }
  51   1      }


MODULE INFORMATION:   STATIC OVERLAYABLE
C51 COMPILER V9.54   MAIN                                                                  11/30/2024 14:33:06 PAGE 2   

   CODE SIZE        =    115    ----
   CONSTANT SIZE    =     30    ----
   XDATA SIZE       =   ----    ----
   PDATA SIZE       =   ----    ----
   DATA SIZE        =      3    ----
   IDATA SIZE       =   ----    ----
   BIT SIZE         =   ----    ----
END OF MODULE INFORMATION.


C51 COMPILATION COMPLETE.  0 WARNING(S),  0 ERROR(S)
