C51 COMPILER V9.54   MAIN                                                                  10/04/2024 21:27:45 PAGE 1   


C51 COMPILER V9.54, COMPILATION OF MODULE MAIN
OBJECT MODULE PLACED IN .\Objects\main.obj
COMPILER INVOKED BY: D:\Keil5\C51\BIN\C51.EXE main.c OPTIMIZE(8,SPEED) BROWSE DEBUG OBJECTEXTEND PRINT(.\Listings\main.l
                    -st) OBJECT(.\Objects\main.obj)

line level    source

   1          #include <REGX52.H>
   2          #include "Timer0.h"
   3          #include "Key.h"
   4          #include <INTRINS.H>
   5          
   6          unsigned char KeyNum,LEDMode;
   7          
   8          //void Timer0_Init()   //1毫秒@11.0592MHz
   9          //{
  10          //      //设置定时器模式
  11          ///*
  12          //      TMOD = TMOD&0xF0;       //把TMOD的低四位清零，高四位保持不变
  13          //      1010 0011 & 1111 0000   ->   1010 0000
  14          //      可以写为
  15          //*/
  16          //      TMOD &= 0xF0;
  17          ///*
  18          //      
  19          //      TMOD = TMOD|0x01;       //把TMOD的最低位置一，高四位保持不变
  20          //      1010 0000 | 0000 0001   ->   1010 0001
  21          //      可以写为
  22          //*/
  23          //      TMOD |= 0x01;
  24          ///*
  25          //      TH0 = 64535/256;  //高8位
  26          //      TL0 = 64535%256;  //低8位
  27          //*/
  28          //      TL0 = 0x18;             //设置定时初值
  29          //      TH0 = 0xFC;             //设置定时初值
  30          //      TF0 = 0;
  31          //      TR0 = 1;
  32          //      ET0 = 1;
  33          //      EA = 1;
  34          //      PT0 = 0;
  35          //}
  36          
  37          void main()
  38          {
  39   1              P2 = 0xFE;   //1111 1110 点亮最低一位LED 即D0
  40   1              Timer0Init();
  41   1              while(1)
  42   1              {
  43   2                      KeyNum = Key();
  44   2                      if(KeyNum)
  45   2                      {
  46   3                              if(KeyNum == 1)
  47   3                              {
  48   4                                      LEDMode++;
  49   4                                      if(LEDMode >= 2)LEDMode=0;
  50   4                              }
  51   3                      }
  52   2              }
  53   1      }
  54          
C51 COMPILER V9.54   MAIN                                                                  10/04/2024 21:27:45 PAGE 2   

  55          
  56          void Timer0_Routine() interrupt 1    //中断函数
  57          {
  58   1              static unsigned int T0Count;
  59   1              TL0 = 0x18;             //设置定时初值
  60   1              TH0 = 0xFC;             //设置定时初值     //1ms进一次中断，一次中断后，重新计数
  61   1              T0Count++;
  62   1              if(T0Count >= 500)
  63   1              {
  64   2                      T0Count = 0;
  65   2                      if(LEDMode == 0)
  66   2                      {
  67   3                              P2 = _crol_(P2,1);   //左移一位
  68   3                      }
  69   2                      if(LEDMode == 1)
  70   2                      {
  71   3                              P2 = _cror_(P2,1);   //右移一位
  72   3                      }
  73   2              }
  74   1      }


MODULE INFORMATION:   STATIC OVERLAYABLE
   CODE SIZE        =    116    ----
   CONSTANT SIZE    =   ----    ----
   XDATA SIZE       =   ----    ----
   PDATA SIZE       =   ----    ----
   DATA SIZE        =      4    ----
   IDATA SIZE       =   ----    ----
   BIT SIZE         =   ----    ----
END OF MODULE INFORMATION.


C51 COMPILATION COMPLETE.  0 WARNING(S),  0 ERROR(S)
