C51 COMPILER V9.54   TIMER0                                                                11/07/2024 10:43:47 PAGE 1   


C51 COMPILER V9.54, COMPILATION OF MODULE TIMER0
OBJECT MODULE PLACED IN .\Objects\Timer0.obj
COMPILER INVOKED BY: D:\Keil5\C51\BIN\C51.EXE ..\°´¼ü¿ØÖÆLEDÁ÷Ë®µÆÄ£Ê½\Timer0.c OPTIMIZE(8,SPEED) BROWSE DEBUG OBJECTEXT
                    -END PRINT(.\Listings\Timer0.lst) OBJECT(.\Objects\Timer0.obj)

line level    source

   1          #include <REGX52.H>
   2          
   3          /**
   4            * @brief  å®šæ—¶å™¨0åˆå§‹åŒ–ï¼Œ1æ¯«ç§’@12.000MHz
   5            * @param  æ— 
   6            * @retval æ— 
   7            */
   8          void Timer0Init(void)
   9          {
  10   1              TMOD &= 0xF0;           //è®¾ç½®å®šæ—¶å™¨æ¨¡å¼
  11   1              TMOD |= 0x01;           //è®¾ç½®å®šæ—¶å™¨æ¨¡å¼
  12   1              TL0 = 0x18;             //è®¾ç½®å®šæ—¶åˆå€¼
  13   1              TH0 = 0xFC;             //è®¾ç½®å®šæ—¶åˆå€¼
  14   1              TF0 = 0;                //æ¸…é™¤TF0æ ‡å¿—
  15   1              TR0 = 1;                //å®šæ—¶å™¨0å¼€å§‹è®¡æ—¶
  16   1              ET0 = 1;
  17   1              EA = 1;
  18   1              PT0 = 0;
  19   1      }
  20          
  21          /*å®šæ—¶å™¨ä¸­æ–­å‡½æ•°æ¨¡æ¿
  22          void Timer0_Routine() interrupt 1    //ä¸­æ–­å‡½æ•°
  23          {
  24                  static unsigned int T0Count;
  25                  TL0 = 0x18;             //è®¾ç½®å®šæ—¶åˆå€¼
  26                  TH0 = 0xFC;             //è®¾ç½®å®šæ—¶åˆå€¼     //1msè¿›ä¸€æ¬¡ä¸­æ–­ï¼Œä¸€æ¬¡ä¸­æ–­åŽï¼Œé‡æ–°è®¡æ•°
  27                  T0Count++;
  28                  if(T0Count >= 1000)
  29                  {
  30                          T0Count = 0;
  31                          P2_0 = ~P2_0;
  32                  }
  33          }
  34          */


MODULE INFORMATION:   STATIC OVERLAYABLE
   CODE SIZE        =     23    ----
   CONSTANT SIZE    =   ----    ----
   XDATA SIZE       =   ----    ----
   PDATA SIZE       =   ----    ----
   DATA SIZE        =   ----    ----
   IDATA SIZE       =   ----    ----
   BIT SIZE         =   ----    ----
END OF MODULE INFORMATION.


C51 COMPILATION COMPLETE.  0 WARNING(S),  0 ERROR(S)
