C51 COMPILER V9.54   MAIN                                                                  11/02/2024 17:47:53 PAGE 1   


C51 COMPILER V9.54, COMPILATION OF MODULE MAIN
OBJECT MODULE PLACED IN .\Objects\main.obj
COMPILER INVOKED BY: D:\Keil5\C51\BIN\C51.EXE main.c OPTIMIZE(8,SPEED) BROWSE DEBUG OBJECTEXTEND PRINT(.\Listings\main.l
                    -st) OBJECT(.\Objects\main.obj)

line level    source

   1          #include <REGX52.H>
   2          #include "Delay.h"
   3          #include "MatrixLED.h"
   4          
   5          unsigned char Animation[] = {
   6                  0x00,0x00,0x00,0x00,0x00,0x00,0x00,0x00,  //空白时期
   7                  0x09,0x0A,0x7F,0x0A,0x09,0x42,0x4C,0x5A,
   8                  0x6D,0x4F,0x00,0x00,0x00,0x10,0x20,0x7F,
   9                  0x80,0x02,0x54,0xFE,0x55,0x16,0x22,0x57,
  10                  0xCC,0x54,0x74,0x43,0x01,0x00,0xFD,0x00,
  11                  0x00,0x00,0x00,0x00,0x00,0x00,0x00,0x00,
  12          };
  13          
  14          unsigned char code Smile[] = {    //code 将其放入到flash中
  15                  0x3C,0x42,0xA9,0x85,0x85,0xA9,0x42,0x3C,
  16                  0x3C,0x42,0xA1,0x85,0x85,0xA1,0x42,0x3C,
  17                  0x3C,0x42,0xA5,0x89,0x89,0xA5,0x42,0x3C,
  18          };
  19          
  20          void main()
  21          {
  22   1              //测试
  23   1      //      _74HC595_WriteByte(0xF0);  
  24   1      //      MatrixLED_ShowColumn(0,0x84);//第0列显示0xAA  1010 1010 【1亮0不亮】
  25   1              
  26   1              unsigned char i,Offset=0,Count=0;
  27   1              MatrixLED_Init();
  28   1              Smile[0] = 0x66;
*** ERROR C183 IN LINE 28 OF main.c: unmodifiable lvalue
  29   1              while(1)
  30   1              {
  31   2                      for(i=0;i<8;i++)
  32   2                      {
  33   3                              //MatrixLED_ShowColumn(i,Animation[i+Offset]);
  34   3                              MatrixLED_ShowColumn(i,Smile[i+Offset]);
  35   3                      }
  36   2                      Count++;
  37   2                      if(Count > 10)    //扫描10遍后就移一帧
  38   2                      {
  39   3                              Count = 0;
  40   3                              Offset += 8;
  41   3                              //防止数组溢出
  42   3                              //if(Offset>40)   //32+8+8-8=40
  43   3                              if(Offset>16)
  44   3                              {
  45   4                                      Offset=0;
  46   4                              }
  47   3                      }
  48   2              }
  49   1      }

C51 COMPILATION COMPLETE.  0 WARNING(S),  1 ERROR(S)
