C51 COMPILER V9.54   MATRIXLED                                                             11/02/2024 16:57:14 PAGE 1   


C51 COMPILER V9.54, COMPILATION OF MODULE MATRIXLED
OBJECT MODULE PLACED IN .\Objects\MatrixLED.obj
COMPILER INVOKED BY: D:\Keil5\C51\BIN\C51.EXE MatrixLED.c OPTIMIZE(8,SPEED) BROWSE DEBUG OBJECTEXTEND PRINT(.\Listings\M
                    -atrixLED.lst) OBJECT(.\Objects\MatrixLED.obj)

line level    source

   1          /*
   2          sfr (special function register)：特殊功能寄存器声明
   3                  例：sfr PO= 0x80;
   4                  声明PO口寄存器，物理地址为0x80
   5          sbit (special bit)：特殊位声明
   6                  例：sbit PO_1= 0x81； 或 sbit p0_1=PO^1;
   7                  声明PO寄存器的第1位
   8          可位寻址/不可位寻址：在单片机系统中，操作任意寄存器或者某一位的数据时，
   9          必须给出其物理地址，又因为一个寄存器里有8位,所以位的数量是寄存器数量的8
             -，
  10          单片机无法对所有位进行编码，故每8个寄存器中，只有一个是可以位寻址的。
  11          对不可位寻址的寄存器，若要只操作其中一位而不影响其它位时，可用“&=”、
             -|=”、
  12          “八=”的方法进行位操作
  13          */
  14          #include <REGX52.H>
  15          #include "Delay.h"
  16          
  17          sbit RCK = P3^5;     //SRCK    位声明   sbit P3_5 = 0xB5;  
  18          sbit SCK = P3^6;     //SRCLK   上升沿 
  19          sbit SER = P3^4;     //SER
  20          
  21          //设置一个宏，将控制LED灯 列 亮的P0口定义为 【Matrix_LED_PORT】
  22          #define Matrix_LED_PORT    P0   
  23          
  24          /**
  25            * @brief    74HC595写入一个字节
  26            * @param    要写入的字节
  27            * @retval   无
  28            */
  29          void _74HC595_WriteByte(unsigned char Byte)   //给8个引脚赋值
  30          {
  31   1              //Byte 赋值给 SER
  32   1      //      SER = Byte&0x80;  //取出最高位，第八位
  33   1              
  34   1              //小规则   多位数据（例如8位）传给一位（例如SER）则【非0即1】
  35   1              //例如：SER = 0x00; 则SER为0；SER = 0x27（随便任何一个数）; SER为1
  36   1              //Byte&0x80 最高位为1 则为1000 0000, SER = 1
  37   1          //Byte&0x80 最高位为0 则为0000 0000, SER = 0
  38   1              
  39   1      //      SCK = 1;   //给高电平，就是一个上升沿 ，此时SER就会移进去
  40   1      //      SCK = 0;   //将高电平置为低电平，为下一次移数据做准备
  41   1              
  42   1      //      SER = Byte&0x40;  //移第二位
  43   1      //      SCK = 1;
  44   1      //      SCK = 0;
  45   1              
  46   1              unsigned char i;
  47   1              for(i = 0;i < 8;i++)
  48   1              {
  49   2                      SER = Byte&(0x80>>i);   //右移i位
  50   2                      SCK = 1;   //上升沿
  51   2                      SCK = 0;
  52   2              }
C51 COMPILER V9.54   MATRIXLED                                                             11/02/2024 16:57:14 PAGE 2   

  53   1              RCK = 1;    //把8位数据送到io口上
  54   1              RCK = 0;    //置为0，为下一次移数据做准备
  55   1      }
  56          
  57          /**
  58            * @brief  点阵屏初始化  
  59            * @param   无
  60            * @retval  无
  61            */
  62          void MatrixLED_Init()
  63          {
  64   1              SCK = 0;    //单片机初始化后所有io口都是高电平，需要先将SCK置为低电平
  65   1              RCK = 0;
  66   1      }
  67          
  68          /**
  69            * @brief    LED点阵屏显示一列数据
  70            * @param    Column 要选择的列，范围：0~7，0在最左边
  71            * @param    Data 要选择列显示的数据，高位在上，【1亮0不亮】
  72            * @retval   无
  73          {
  74          }
  75            */
  76          void MatrixLED_ShowColumn(unsigned char Column,Data)
  77          {
  78   1              _74HC595_WriteByte(Data);
  79   1              
  80   1              //选列，第一种方法
  81   1              Matrix_LED_PORT = ~(0x80>>Column); //如果传入的是(0,0x80)，
  82   1                                    //0x80, 1000 0000取反后为0111 1111，故【1亮0不亮】
  83   1              
  84   1              //第二种方法
  85   1      //      if(Column == 0){P0 = ~0x80;}  //0111 1111 选作第一列
  86   1      //      if(Column == 1){P0 = ~0x40;}
  87   1      //      if(Column == 2){P0 = ~0x20;}
  88   1      //      if(Column == 3){P0 = ~0x10;}
  89   1      //      if(Column == 4){P0 = ~0x08;}
  90   1      //      if(Column == 5){P0 = ~0x04;}
  91   1      //      if(Column == 6){P0 = ~0x02;}
  92   1      //      if(Column == 7){P0 = ~0x01;}
  93   1              
  94   1              //为了防止【段选，位选，段选，位选......】带来的【残影】现象
  95   1              //所以就可以加个延时函数
  96   1              //段选，位选，延时，位清零，段选，位选，延时，位清零......
  97   1              Delay(1);
  98   1              Matrix_LED_PORT = 0xFF;    //位清零
  99   1      }


MODULE INFORMATION:   STATIC OVERLAYABLE
   CODE SIZE        =     84    ----
   CONSTANT SIZE    =   ----    ----
   XDATA SIZE       =   ----    ----
   PDATA SIZE       =   ----    ----
   DATA SIZE        =   ----    ----
   IDATA SIZE       =   ----    ----
   BIT SIZE         =   ----    ----
END OF MODULE INFORMATION.


C51 COMPILATION COMPLETE.  0 WARNING(S),  0 ERROR(S)
