C51 COMPILER V9.54   MAIN                                                                  11/06/2024 22:41:27 PAGE 1   


C51 COMPILER V9.54, COMPILATION OF MODULE MAIN
OBJECT MODULE PLACED IN .\Objects\main.obj
COMPILER INVOKED BY: D:\Keil5\C51\BIN\C51.EXE main.c OPTIMIZE(8,SPEED) BROWSE DEBUG OBJECTEXTEND PRINT(.\Listings\main.l
                    -st) OBJECT(.\Objects\main.obj)

line level    source

   1          #include <REGX52.H>
   2          #include "Delay.h"
   3          #include "Timer0.h"
   4          
   5          sbit Buzzer=P2^5;
   6          
   7          #define SPEED   350     //【定义宏后可以快速修改音乐速度】
   8          
   9          #define P    0
  10          #define L1   1
  11          #define L1_  2
  12          #define L2   3
  13          #define L2_  4
  14          #define L3   5
  15          #define L4   6
  16          #define L4_  7
  17          #define L5   8
  18          #define L5_  9
  19          #define L6   10
  20          #define L6_  11
  21          #define L7   12
  22          #define M1   13
  23          #define M1_  14
  24          #define M2   15
  25          #define M2_  16
  26          #define M3   17
  27          #define M4   18
  28          #define M4_  19
  29          #define M5   20
  30          #define M5_  21
  31          #define M6   22
  32          #define M6_  23
  33          #define M7   24
  34          #define H1   25
  35          #define H1_  26
  36          #define H2   27
  37          #define H2_  28
  38          #define H3   29
  39          #define H4   30
  40          #define H4_  31
  41          #define H5   32
  42          #define H5_  33
  43          #define H6   34
  44          #define H6_  35
  45          #define H7   36
  46          
  47          unsigned int FreqTable[]={
  48                  63628,63731,63835,63928,64021,64103,64185,64260,64331,64400,64463,64528,
  49                  64580,64633,64684,64732,64777,64820,64860,64898,64934,64968,65000,65030,
  50                  65058,65085,65110,65134,65157,65178,65198,65217,65235,65252,65268,65283,
  51                  0,
  52          };    //频率
  53          
  54          
C51 COMPILER V9.54   MAIN                                                                  11/06/2024 22:41:27 PAGE 2   

  55          //《天空之城》
  56          //【main.c(317): error C249: 'DATA': SEGMENT TOO LARGE】
  57          // STC89C52的 RAM 大小为 【512 字节】，ROM(Flash)大小为 【8k】
  58          // 加一个 code 将其存储到 【Flash】中
  59          //【Flash中的内容不可以更改】
  60          unsigned char code Music[] = {
  61                  //1
  62                  P,      4,
  63                  P,      4,
  64                  P,      4,
  65                  M6,     2,
  66                  M7,     2,
  67                  
  68                  H1,     4+2,
  69                  M7,     2,
  70                  H1,     4,
  71                  H3,     4,
  72                  
  73                  M7,     4+4+4,
  74                  M3,     2,
  75                  M3,     2,
  76                  
  77                  //2
  78                  M6,     4+2,
  79                  M5,     2,
  80                  M6, 4,
  81                  H1,     4,
  82                  
  83                  M5,     4+4+4,
  84                  M3,     4,
  85                  
  86                  M4,     4+2,
  87                  M3,     2,
  88                  M4,     4,
  89                  H1,     4,
  90                  
  91                  //3
  92                  M3,     4+4,
  93                  P,      2,
  94                  H1,     2,
  95                  H1,     2,
  96                  H1,     2,
  97                  
  98                  M7,     4+2,
  99                  M4_,2,
 100                  M4_,4,
 101                  M7,     4,
 102                  
 103                  M7,     8,
 104                  P,      4,
 105                  M6,     2,
 106                  M7,     2,
 107                  
 108                  //4
 109                  H1,     4+2,
 110                  M7,     2,
 111                  H1,     4,
 112                  H3,     4,
 113                  
 114                  M7,     4+4+4,
 115                  M3,     2,
 116                  M3,     2,
C51 COMPILER V9.54   MAIN                                                                  11/06/2024 22:41:27 PAGE 3   

 117                  
 118                  M6,     4+2,
 119                  M5,     2,
 120                  M6, 4,
 121                  H1,     4,
 122                  
 123                  //5
 124                  M5,     4+4+4,
 125                  M2,     2,
 126                  M3,     2,
 127                  
 128                  M4,     4,
 129                  H1,     2,
 130                  M7,     2+2,
 131                  H1,     2+4,
 132                  
 133                  H2,     2,
 134                  H2,     2,
 135                  H3,     2,
 136                  H1,     2+4+4,
 137                  
 138                  //6
 139                  H1,     2,
 140                  M7,     2,
 141                  M6,     2,
 142                  M6,     2,
 143                  M7,     4,
 144                  M5_,4,
 145                  
 146                  
 147                  M6,     4+4+4,
 148                  H1,     2,
 149                  H2,     2,
 150                  
 151                  H3,     4+2,
 152                  H2,     2,
 153                  H3,     4,
 154                  H5,     4,
 155                  
 156                  //7
 157                  H2,     4+4+4,
 158                  M5,     2,
 159                  M5,     2,
 160                  
 161                  H1,     4+2,
 162                  M7,     2,
 163                  H1,     4,
 164                  H3,     4,
 165                  
 166                  H3,     4+4+4+4,
 167                  
 168                  //8
 169                  M6,     2,
 170                  M7,     2,
 171                  H1,     4,
 172                  M7,     4,
 173                  H2,     2,
 174                  H2,     2,
 175                  
 176                  H1,     4+2,
 177                  M5,     2+4+4,
 178                  
C51 COMPILER V9.54   MAIN                                                                  11/06/2024 22:41:27 PAGE 4   

 179                  H4,     4,
 180                  H3,     4,
 181                  H3,     4,
 182                  H1,     4,
 183                  
 184                  //9
 185                  H3,     4+4+4,
 186                  H3,     4,
 187                  
 188                  H6,     4+4,
 189                  H5,     4,
 190                  H5,     4,
 191                  
 192                  H3,     2,
 193                  H2,     2,
 194                  H1,     4+4,
 195                  P,      2,
 196                  H1,     2,
 197                  
 198                  //10
 199                  H2,     4,
 200                  H1,     2,
 201                  H2,     2,
 202                  H2,     4,
 203                  H5,     4,
 204                  
 205                  H3,     4+4+4,
 206                  H3,     4,
 207                  
 208                  H6,     4+4,
 209                  H5,     4+4,
 210                  
 211                  //11
 212                  H3,     2,
 213                  H2,     2,
 214                  H1,     4+4,
 215                  P,      2,
 216                  H1,     2,
 217                  
 218                  H2,     4,
 219                  H1,     2,
 220                  H2,     2+4,
 221                  M7,     4,
 222                  
 223                  M6,     4+4+4,
 224                  P,      4,
 225                  
 226                  0xFF
 227          };
 228          
 229          //《小星星》
 230          //第一种方法：【一维数组】
 231          //unsigned char Music[] = {
 232          //      12,4,
 233          //      12,4,
 234          //      19,4,
 235          //      19,4,
 236          //      21,4,
 237          //      21,4,
 238          //      19,4+4,
 239          //      0,4,
 240          //      17,4,
C51 COMPILER V9.54   MAIN                                                                  11/06/2024 22:41:27 PAGE 5   

 241          //      17,4,
 242          //      16,4,
 243          //      16,4,
 244          //      14,4,
 245          //      14,4,
 246          //      12,4+4,
 247          //      
 248          //      0xFF
 249          //};
 250          
 251          //第二种方法：【二维数组】
 252          //unsigned char Music[][2] = {
 253          //      {12,4},
 254          //      {12,4},
 255          //      {19,4},
 256          //      {19,4},
 257          //      {21,4},
 258          //      {21,4},
 259          //      {19,4+4},
 260          //      {17,4},
 261          //      {17,4},
 262          //      {16,4},
 263          //      {16,4},
 264          //      {14,4},
 265          //      {14,4},
 266          //      {12,4+4},
 267          
 268          //      {0xFF}
 269          //};
 270          
 271          unsigned char FreqSelect,MusicSelect;  //【频率选择】  【音乐选择】
 272          
 273          void main()
 274          {
 275   1              Timer0Init();
 276   1          while(1)
 277   1          {
 278   2                      //第一种方法：【一维数组】
 279   2                      if(Music[MusicSelect] != 0xFF)
 280   2                      {
 281   3                              FreqSelect = Music[MusicSelect];   //先取到第一个数值，代表频率，通过音乐选择递增
             -来选择第几个频率
 282   3                              MusicSelect++;                     //加1
 283   3                              Delay(SPEED/4*Music[MusicSelect]);      //加1后取到的为这个频率持续的时间
 284   3                              MusicSelect++;                     //再加1，可以取到下一个频率
 285   3                              TR0=0;     //每演奏一个就把定时器关掉
 286   3                              Delay(5);  //延迟5ms
 287   3                              TR0=1;     //延迟完后再将其打开
 288   3                      }
 289   2                      else
 290   2                      {
 291   3                              TR0=0;      //把定时器关掉
 292   3                              while(1);
 293   3                      }
 294   2                      
 295   2                      
 296   2                      //第二种方法：【二维数组】
 297   2      //              if(Music[MusicSelect][0] != 0xFF)
 298   2      //              {
 299   2      //                      FreqSelect = Music[MusicSelect][0];
 300   2      //                      Delay(SPEED/4*Music[MusicSelect][1]);
 301   2      //                      MusicSelect++;
C51 COMPILER V9.54   MAIN                                                                  11/06/2024 22:41:27 PAGE 6   

 302   2      //                      TR0=0;     //每演奏一个就把定时器关掉
 303   2      //                      Delay(5);  //延迟5ms
 304   2      //                      TR0=1;     //延迟完后再将其打开
 305   2      //              }
 306   2      //              else
 307   2      //              {
 308   2      //                      while(1);
 309   2      //              }
 310   2          }
 311   1      }
 312          
 313          void Timer0_Routine() interrupt 1    //中断函数
 314          {
 315   1              if(FreqTable[FreqSelect] != 0)    
 316   1              //如果频率为0，即【休止符】，则不执行代码，即【不播放音乐】
 317   1              //如果频率不为0，则播放音乐
 318   1              {
 319   2                      TL0 = FreqTable[FreqSelect]%256;
 320   2                      TH0 = FreqTable[FreqSelect]/256;
 321   2                      Buzzer = !Buzzer;
 322   2              }
 323   1      }


MODULE INFORMATION:   STATIC OVERLAYABLE
   CODE SIZE        =    101    ----
   CONSTANT SIZE    =    241    ----
   XDATA SIZE       =   ----    ----
   PDATA SIZE       =   ----    ----
   DATA SIZE        =     76    ----
   IDATA SIZE       =   ----    ----
   BIT SIZE         =   ----    ----
END OF MODULE INFORMATION.


C51 COMPILATION COMPLETE.  0 WARNING(S),  0 ERROR(S)
