C51 COMPILER V9.54   MAIN                                                                  10/03/2024 14:44:44 PAGE 1   


C51 COMPILER V9.54, COMPILATION OF MODULE MAIN
OBJECT MODULE PLACED IN .\Objects\main.obj
COMPILER INVOKED BY: D:\Keil5\C51\BIN\C51.EXE main.c OPTIMIZE(8,SPEED) BROWSE DEBUG OBJECTEXTEND PRINT(.\Listings\main.l
                    -st) OBJECT(.\Objects\main.obj)

line level    source

   1          #include <REGX52.H>
   2          
   3          void Delay1ms(unsigned int xms)         //@12.000MHz
   4          {
   5   1              unsigned char i, j;
   6   1      
   7   1              while(xms)
   8   1              {
   9   2                      i = 2;
  10   2                      j = 239;
  11   2                      do
  12   2                      {
  13   3                              while (--j);
  14   3                      } while (--i);
  15   2                      xms--;
  16   2              }
  17   1              
  18   1      }
  19          
  20          
  21          void main()
  22          {
  23   1              while(1)
  24   1              {
  25   2                      if(P3_1 == 0)
  26   2                      {
  27   3                              Delay1ms(20);
  28   3                              while(P3_1 == 0);
  29   3                              Delay1ms(20);   //过滤抖动
  30   3                              
  31   3                              P2_0 = ~P2_0;      //状态取反，按位取反
  32   3                      }
  33   2              }
  34   1      }


MODULE INFORMATION:   STATIC OVERLAYABLE
   CODE SIZE        =     44    ----
   CONSTANT SIZE    =   ----    ----
   XDATA SIZE       =   ----    ----
   PDATA SIZE       =   ----    ----
   DATA SIZE        =   ----    ----
   IDATA SIZE       =   ----    ----
   BIT SIZE         =   ----    ----
END OF MODULE INFORMATION.


C51 COMPILATION COMPLETE.  0 WARNING(S),  0 ERROR(S)
