C51 COMPILER V9.54   UART                                                                  10/05/2024 16:36:03 PAGE 1   


C51 COMPILER V9.54, COMPILATION OF MODULE UART
OBJECT MODULE PLACED IN .\Objects\UART.obj
COMPILER INVOKED BY: D:\Keil5\C51\BIN\C51.EXE UART.c OPTIMIZE(8,SPEED) BROWSE DEBUG OBJECTEXTEND PRINT(.\Listings\UART.l
                    -st) OBJECT(.\Objects\UART.obj)

line level    source

   1          #include <REGX52.H>
   2          
   3          void UART_Init()
   4          {
   5   1              SCON = 0x50;
   6   1              PCON &= 0x7F;           //波特率不倍速
   7   1              TMOD &= 0x0F;           //设置定时器模式
   8   1              TMOD |= 0x20;           //设置定时器模式
   9   1              TL1 = 0xFA;             //设定定时初值
  10   1              TH1 = 0xFA;             //设定定时器重装值
  11   1              ET1 = 0;                //禁止定时器1中断
  12   1              TR1 = 1;                //启动定时器1
  13   1      }
  14          
  15          void UART_SendByte(unsigned char Byte)
  16          {
  17   1              SBUF = Byte;                //串口数据缓存寄存器
  18   1              while(TI == 0);             //TI为0一直循环，TI为1则跳出循环
  19   1              TI = 0;                     //重新置TI为0
  20   1      }


MODULE INFORMATION:   STATIC OVERLAYABLE
   CODE SIZE        =     31    ----
   CONSTANT SIZE    =   ----    ----
   XDATA SIZE       =   ----    ----
   PDATA SIZE       =   ----    ----
   DATA SIZE        =   ----    ----
   IDATA SIZE       =   ----    ----
   BIT SIZE         =   ----    ----
END OF MODULE INFORMATION.


C51 COMPILATION COMPLETE.  0 WARNING(S),  0 ERROR(S)
