C51 COMPILER V9.54   MAIN                                                                  10/03/2024 15:09:28 PAGE 1   


C51 COMPILER V9.54, COMPILATION OF MODULE MAIN
OBJECT MODULE PLACED IN .\Objects\main.obj
COMPILER INVOKED BY: D:\Keil5\C51\BIN\C51.EXE main.c OPTIMIZE(8,SPEED) BROWSE DEBUG OBJECTEXTEND PRINT(.\Listings\main.l
                    -st) OBJECT(.\Objects\main.obj)

line level    source

   1          #include <REGX52.H>
   2          
   3          void Delay1ms(unsigned int xms)         //@12.000MHz
   4          {
   5   1              unsigned char i, j;
   6   1              
   7   1              while(xms--)
   8   1              {
   9   2                      i = 2;
  10   2                      j = 239;
  11   2                      do
  12   2                      {
  13   3                              while (--j);
  14   3                      } while (--i);
  15   2              }
  16   1      }
  17          
  18          void main()
  19          {
  20   1              //unsigned char LEDNum = 0;
  21   1              while(1)
  22   1              {
  23   2                      if(P3_1 == 0)
  24   2                      {
  25   3                              Delay1ms(20);
  26   3                              while(P3_1 == 0);     //按键按下后空循环，只有松手后才会退出空循环
  27   3                              Delay1ms(20);
  28   3                              
  29   3                              //LEDNum++;
  30   3                              //刚开始  1111 1111
  31   3                              //P2 = ~LEDNum;
  32   3                              P2--;
  33   3                      }
  34   2              }
  35   1      }


MODULE INFORMATION:   STATIC OVERLAYABLE
   CODE SIZE        =     45    ----
   CONSTANT SIZE    =   ----    ----
   XDATA SIZE       =   ----    ----
   PDATA SIZE       =   ----    ----
   DATA SIZE        =   ----    ----
   IDATA SIZE       =   ----    ----
   BIT SIZE         =   ----    ----
END OF MODULE INFORMATION.


C51 COMPILATION COMPLETE.  0 WARNING(S),  0 ERROR(S)
